<?xml version="1.0" encoding="UTF-8"?>
<coverage generated="1668936536596" clover="3.2.0">
  <project timestamp="1668936536596" name="All files">
    <metrics statements="821" coveredstatements="778" conditionals="286" coveredconditionals="233" methods="108" coveredmethods="106" elements="1215" coveredelements="1117" complexity="0" loc="821" ncloc="821" packages="7" files="15" classes="15"/>
    <package name="backend">
      <metrics statements="56" coveredstatements="53" conditionals="22" coveredconditionals="16" methods="10" coveredmethods="9"/>
      <file name="app.js" path="F:\cw_git\trivia\backend\app.js">
        <metrics statements="30" coveredstatements="30" conditionals="4" coveredconditionals="4" methods="3" coveredmethods="3"/>
        <line num="3" count="5" type="stmt"/>
        <line num="4" count="5" type="stmt"/>
        <line num="6" count="5" type="stmt"/>
        <line num="8" count="5" type="stmt"/>
        <line num="9" count="5" type="stmt"/>
        <line num="10" count="5" type="stmt"/>
        <line num="11" count="5" type="stmt"/>
        <line num="12" count="5" type="stmt"/>
        <line num="14" count="5" type="stmt"/>
        <line num="16" count="5" type="stmt"/>
        <line num="17" count="5" type="stmt"/>
        <line num="18" count="5" type="stmt"/>
        <line num="20" count="5" type="stmt"/>
        <line num="22" count="5" type="stmt"/>
        <line num="23" count="170" type="stmt"/>
        <line num="24" count="170" type="stmt"/>
        <line num="25" count="170" type="stmt"/>
        <line num="26" count="170" type="stmt"/>
        <line num="30" count="5" type="stmt"/>
        <line num="31" count="5" type="stmt"/>
        <line num="32" count="5" type="stmt"/>
        <line num="33" count="5" type="stmt"/>
        <line num="39" count="5" type="stmt"/>
        <line num="40" count="2" type="stmt"/>
        <line num="44" count="5" type="stmt"/>
        <line num="45" count="111" type="cond" truecount="2" falsecount="0"/>
        <line num="47" count="111" type="cond" truecount="2" falsecount="0"/>
        <line num="48" count="111" type="stmt"/>
        <line num="50" count="111" type="stmt"/>
        <line num="55" count="5" type="stmt"/>
      </file>
      <file name="config.js" path="F:\cw_git\trivia\backend\config.js">
        <metrics statements="6" coveredstatements="6" conditionals="10" coveredconditionals="8" methods="0" coveredmethods="0"/>
        <line num="1" count="10" type="stmt"/>
        <line num="3" count="10" type="cond" truecount="1" falsecount="1"/>
        <line num="4" count="10" type="cond" truecount="2" falsecount="0"/>
        <line num="7" count="10" type="cond" truecount="2" falsecount="0"/>
        <line num="12" count="10" type="cond" truecount="2" falsecount="0"/>
        <line num="14" count="10" type="stmt"/>
      </file>
      <file name="db.js" path="F:\cw_git\trivia\backend\db.js">
        <metrics statements="12" coveredstatements="10" conditionals="4" coveredconditionals="2" methods="2" coveredmethods="2"/>
        <line num="4" count="6" type="stmt"/>
        <line num="5" count="6" type="stmt"/>
        <line num="10" count="6" type="stmt"/>
        <line num="18" count="6" type="stmt"/>
        <line num="19" count="5" type="cond" truecount="1" falsecount="1"/>
        <line num="20" count="0" type="stmt"/>
        <line num="22" count="5" type="stmt"/>
        <line num="23" count="5" type="stmt"/>
        <line num="24" count="5" type="cond" truecount="1" falsecount="1"/>
        <line num="25" count="0" type="stmt"/>
        <line num="27" count="5" type="stmt"/>
        <line num="34" count="6" type="stmt"/>
      </file>
      <file name="expressError.js" path="F:\cw_git\trivia\backend\expressError.js">
        <metrics statements="8" coveredstatements="7" conditionals="4" coveredconditionals="2" methods="5" coveredmethods="4"/>
        <line num="9" count="150" type="stmt"/>
        <line num="10" count="150" type="stmt"/>
        <line num="11" count="150" type="stmt"/>
        <line num="19" count="54" type="stmt"/>
        <line num="27" count="61" type="stmt"/>
        <line num="35" count="35" type="stmt"/>
        <line num="43" count="0" type="stmt"/>
        <line num="47" count="8" type="stmt"/>
      </file>
    </package>
    <package name="backend.helpers">
      <metrics statements="21" coveredstatements="21" conditionals="6" coveredconditionals="6" methods="4" coveredmethods="4"/>
      <file name="shuffle.js" path="F:\cw_git\trivia\backend\helpers\shuffle.js">
        <metrics statements="8" coveredstatements="8" conditionals="0" coveredconditionals="0" methods="1" coveredmethods="1"/>
        <line num="1" count="6" type="stmt"/>
        <line num="2" count="3" type="stmt"/>
        <line num="4" count="3" type="stmt"/>
        <line num="5" count="12" type="stmt"/>
        <line num="6" count="12" type="stmt"/>
        <line num="8" count="12" type="stmt"/>
        <line num="11" count="3" type="stmt"/>
        <line num="15" count="6" type="stmt"/>
      </file>
      <file name="sql.js" path="F:\cw_git\trivia\backend\helpers\sql.js">
        <metrics statements="7" coveredstatements="7" conditionals="4" coveredconditionals="4" methods="2" coveredmethods="2"/>
        <line num="1" count="7" type="stmt"/>
        <line num="21" count="10" type="stmt"/>
        <line num="22" count="10" type="cond" truecount="2" falsecount="0"/>
        <line num="25" count="9" type="stmt"/>
        <line num="26" count="13" type="cond" truecount="2" falsecount="0"/>
        <line num="29" count="9" type="stmt"/>
        <line num="35" count="7" type="stmt"/>
      </file>
      <file name="tokens.js" path="F:\cw_git\trivia\backend\helpers\tokens.js">
        <metrics statements="6" coveredstatements="6" conditionals="2" coveredconditionals="2" methods="1" coveredmethods="1"/>
        <line num="1" count="6" type="stmt"/>
        <line num="2" count="6" type="stmt"/>
        <line num="5" count="15" type="stmt"/>
        <line num="10" count="15" type="stmt"/>
        <line num="15" count="15" type="stmt"/>
        <line num="18" count="6" type="stmt"/>
      </file>
    </package>
    <package name="backend.middleware">
      <metrics statements="26" coveredstatements="26" conditionals="15" coveredconditionals="15" methods="4" coveredmethods="4"/>
      <file name="auth.js" path="F:\cw_git\trivia\backend\middleware\auth.js">
        <metrics statements="26" coveredstatements="26" conditionals="15" coveredconditionals="15" methods="4" coveredmethods="4"/>
        <line num="5" count="6" type="stmt"/>
        <line num="6" count="6" type="stmt"/>
        <line num="7" count="6" type="stmt"/>
        <line num="18" count="173" type="stmt"/>
        <line num="19" count="173" type="cond" truecount="2" falsecount="0"/>
        <line num="20" count="173" type="cond" truecount="2" falsecount="0"/>
        <line num="21" count="134" type="stmt"/>
        <line num="22" count="134" type="stmt"/>
        <line num="25" count="172" type="stmt"/>
        <line num="27" count="1" type="stmt"/>
        <line num="37" count="6" type="stmt"/>
        <line num="38" count="6" type="cond" truecount="2" falsecount="0"/>
        <line num="39" count="4" type="stmt"/>
        <line num="41" count="2" type="stmt"/>
        <line num="51" count="27" type="stmt"/>
        <line num="52" count="27" type="cond" truecount="4" falsecount="0"/>
        <line num="53" count="12" type="stmt"/>
        <line num="55" count="15" type="stmt"/>
        <line num="57" count="12" type="stmt"/>
        <line num="68" count="131" type="stmt"/>
        <line num="69" count="131" type="stmt"/>
        <line num="71" count="131" type="cond" truecount="5" falsecount="0"/>
        <line num="72" count="43" type="stmt"/>
        <line num="74" count="88" type="stmt"/>
        <line num="76" count="43" type="stmt"/>
        <line num="80" count="6" type="stmt"/>
      </file>
    </package>
    <package name="backend.models">
      <metrics statements="376" coveredstatements="343" conditionals="207" coveredconditionals="164" methods="36" coveredmethods="36"/>
      <file name="user.js" path="F:\cw_git\trivia\backend\models\user.js">
        <metrics statements="376" coveredstatements="343" conditionals="207" coveredconditionals="164" methods="36" coveredmethods="36"/>
        <line num="3" count="6" type="stmt"/>
        <line num="4" count="6" type="stmt"/>
        <line num="5" count="6" type="stmt"/>
        <line num="6" count="6" type="stmt"/>
        <line num="11" count="6" type="stmt"/>
        <line num="13" count="6" type="stmt"/>
        <line num="27" count="7" type="stmt"/>
        <line num="40" count="7" type="stmt"/>
        <line num="42" count="7" type="cond" truecount="2" falsecount="0"/>
        <line num="44" count="4" type="stmt"/>
        <line num="45" count="4" type="cond" truecount="2" falsecount="0"/>
        <line num="46" count="3" type="stmt"/>
        <line num="47" count="3" type="stmt"/>
        <line num="51" count="4" type="stmt"/>
        <line num="69" count="15" type="stmt"/>
        <line num="76" count="15" type="cond" truecount="2" falsecount="0"/>
        <line num="77" count="1" type="stmt"/>
        <line num="80" count="14" type="stmt"/>
        <line num="82" count="14" type="stmt"/>
        <line num="95" count="14" type="stmt"/>
        <line num="97" count="14" type="stmt"/>
        <line num="104" count="14" type="stmt"/>
        <line num="111" count="14" type="stmt"/>
        <line num="120" count="3" type="stmt"/>
        <line num="131" count="2" type="stmt"/>
        <line num="142" count="5" type="stmt"/>
        <line num="154" count="5" type="stmt"/>
        <line num="156" count="5" type="cond" truecount="2" falsecount="0"/>
        <line num="158" count="3" type="stmt"/>
        <line num="179" count="8" type="cond" truecount="2" falsecount="0"/>
        <line num="180" count="2" type="stmt"/>
        <line num="183" count="8" type="stmt"/>
        <line num="188" count="7" type="stmt"/>
        <line num="190" count="7" type="stmt"/>
        <line num="198" count="7" type="stmt"/>
        <line num="199" count="7" type="stmt"/>
        <line num="201" count="7" type="cond" truecount="2" falsecount="0"/>
        <line num="203" count="5" type="stmt"/>
        <line num="204" count="5" type="stmt"/>
        <line num="210" count="5" type="stmt"/>
        <line num="217" count="5" type="stmt"/>
        <line num="219" count="5" type="cond" truecount="2" falsecount="0"/>
        <line num="233" count="4" type="stmt"/>
        <line num="239" count="4" type="cond" truecount="2" falsecount="0"/>
        <line num="240" count="1" type="stmt"/>
        <line num="244" count="3" type="stmt"/>
        <line num="251" count="3" type="stmt"/>
        <line num="259" count="3" type="stmt"/>
        <line num="260" count="3" type="stmt"/>
        <line num="262" count="3" type="stmt"/>
        <line num="273" count="15" type="stmt"/>
        <line num="279" count="15" type="cond" truecount="2" falsecount="0"/>
        <line num="280" count="1" type="stmt"/>
        <line num="282" count="14" type="stmt"/>
        <line num="289" count="14" type="cond" truecount="2" falsecount="0"/>
        <line num="290" count="2" type="stmt"/>
        <line num="295" count="12" type="stmt"/>
        <line num="302" count="12" type="stmt"/>
        <line num="304" count="12" type="stmt"/>
        <line num="315" count="6" type="stmt"/>
        <line num="322" count="6" type="cond" truecount="2" falsecount="0"/>
        <line num="323" count="2" type="stmt"/>
        <line num="326" count="4" type="stmt"/>
        <line num="335" count="4" type="cond" truecount="2" falsecount="0"/>
        <line num="336" count="3" type="stmt"/>
        <line num="337" count="3" type="stmt"/>
        <line num="343" count="3" type="stmt"/>
        <line num="345" count="1" type="stmt"/>
        <line num="352" count="4" type="stmt"/>
        <line num="364" count="9" type="stmt"/>
        <line num="370" count="9" type="cond" truecount="2" falsecount="0"/>
        <line num="371" count="1" type="stmt"/>
        <line num="373" count="8" type="stmt"/>
        <line num="380" count="8" type="cond" truecount="2" falsecount="0"/>
        <line num="381" count="2" type="stmt"/>
        <line num="384" count="6" type="stmt"/>
        <line num="390" count="6" type="cond" truecount="2" falsecount="0"/>
        <line num="391" count="2" type="stmt"/>
        <line num="394" count="4" type="cond" truecount="2" falsecount="0"/>
        <line num="395" count="1" type="stmt"/>
        <line num="398" count="3" type="stmt"/>
        <line num="405" count="3" type="stmt"/>
        <line num="407" count="3" type="cond" truecount="1" falsecount="1"/>
        <line num="408" count="0" type="stmt"/>
        <line num="411" count="3" type="stmt"/>
        <line num="423" count="7" type="stmt"/>
        <line num="429" count="7" type="cond" truecount="2" falsecount="0"/>
        <line num="430" count="1" type="stmt"/>
        <line num="432" count="6" type="stmt"/>
        <line num="438" count="6" type="cond" truecount="2" falsecount="0"/>
        <line num="439" count="1" type="stmt"/>
        <line num="442" count="5" type="cond" truecount="2" falsecount="0"/>
        <line num="443" count="2" type="stmt"/>
        <line num="446" count="3" type="stmt"/>
        <line num="453" count="3" type="stmt"/>
        <line num="466" count="5" type="stmt"/>
        <line num="473" count="5" type="stmt"/>
        <line num="475" count="5" type="cond" truecount="2" falsecount="0"/>
        <line num="476" count="2" type="stmt"/>
        <line num="479" count="3" type="stmt"/>
        <line num="490" count="18" type="stmt"/>
        <line num="497" count="18" type="cond" truecount="2" falsecount="0"/>
        <line num="498" count="3" type="stmt"/>
        <line num="501" count="15" type="stmt"/>
        <line num="503" count="15" type="stmt"/>
        <line num="511" count="15" type="stmt"/>
        <line num="513" count="15" type="stmt"/>
        <line num="524" count="4" type="stmt"/>
        <line num="531" count="4" type="stmt"/>
        <line num="533" count="4" type="cond" truecount="2" falsecount="0"/>
        <line num="534" count="2" type="stmt"/>
        <line num="537" count="2" type="stmt"/>
        <line num="548" count="7" type="stmt"/>
        <line num="552" count="7" type="cond" truecount="2" falsecount="0"/>
        <line num="553" count="2" type="stmt"/>
        <line num="556" count="5" type="stmt"/>
        <line num="561" count="5" type="cond" truecount="2" falsecount="0"/>
        <line num="562" count="2" type="stmt"/>
        <line num="565" count="3" type="stmt"/>
        <line num="567" count="3" type="stmt"/>
        <line num="574" count="3" type="stmt"/>
        <line num="576" count="3" type="stmt"/>
        <line num="588" count="5" type="stmt"/>
        <line num="594" count="5" type="cond" truecount="2" falsecount="0"/>
        <line num="595" count="1" type="stmt"/>
        <line num="597" count="4" type="stmt"/>
        <line num="604" count="4" type="stmt"/>
        <line num="606" count="4" type="cond" truecount="2" falsecount="0"/>
        <line num="607" count="1" type="stmt"/>
        <line num="610" count="3" type="stmt"/>
        <line num="619" count="23" type="cond" truecount="4" falsecount="0"/>
        <line num="620" count="19" type="stmt"/>
        <line num="621" count="19" type="stmt"/>
        <line num="622" count="4" type="cond" truecount="4" falsecount="0"/>
        <line num="623" count="3" type="stmt"/>
        <line num="624" count="3" type="stmt"/>
        <line num="625" count="1" type="cond" truecount="3" falsecount="1"/>
        <line num="626" count="0" type="stmt"/>
        <line num="627" count="0" type="stmt"/>
        <line num="628" count="1" type="cond" truecount="3" falsecount="1"/>
        <line num="629" count="0" type="stmt"/>
        <line num="630" count="0" type="stmt"/>
        <line num="631" count="1" type="cond" truecount="3" falsecount="1"/>
        <line num="632" count="0" type="stmt"/>
        <line num="633" count="0" type="stmt"/>
        <line num="634" count="1" type="cond" truecount="3" falsecount="1"/>
        <line num="635" count="1" type="stmt"/>
        <line num="636" count="1" type="stmt"/>
        <line num="637" count="0" type="cond" truecount="0" falsecount="4"/>
        <line num="638" count="0" type="stmt"/>
        <line num="639" count="0" type="stmt"/>
        <line num="640" count="0" type="cond" truecount="0" falsecount="2"/>
        <line num="641" count="0" type="stmt"/>
        <line num="642" count="0" type="stmt"/>
        <line num="645" count="23" type="stmt"/>
        <line num="656" count="4" type="stmt"/>
        <line num="667" count="4" type="stmt"/>
        <line num="669" count="4" type="cond" truecount="2" falsecount="0"/>
        <line num="671" count="3" type="stmt"/>
        <line num="672" count="3" type="stmt"/>
        <line num="673" count="3" type="stmt"/>
        <line num="675" count="3" type="stmt"/>
        <line num="686" count="20" type="stmt"/>
        <line num="693" count="20" type="cond" truecount="2" falsecount="0"/>
        <line num="695" count="18" type="stmt"/>
        <line num="697" count="18" type="stmt"/>
        <line num="698" count="18" type="stmt"/>
        <line num="700" count="18" type="cond" truecount="4" falsecount="0"/>
        <line num="701" count="15" type="stmt"/>
        <line num="702" count="15" type="stmt"/>
        <line num="703" count="3" type="cond" truecount="3" falsecount="1"/>
        <line num="704" count="3" type="stmt"/>
        <line num="705" count="3" type="stmt"/>
        <line num="706" count="0" type="cond" truecount="0" falsecount="4"/>
        <line num="707" count="0" type="stmt"/>
        <line num="708" count="0" type="stmt"/>
        <line num="709" count="0" type="cond" truecount="0" falsecount="4"/>
        <line num="710" count="0" type="stmt"/>
        <line num="711" count="0" type="stmt"/>
        <line num="712" count="0" type="cond" truecount="0" falsecount="4"/>
        <line num="713" count="0" type="stmt"/>
        <line num="714" count="0" type="stmt"/>
        <line num="715" count="0" type="cond" truecount="0" falsecount="4"/>
        <line num="716" count="0" type="stmt"/>
        <line num="717" count="0" type="stmt"/>
        <line num="718" count="0" type="cond" truecount="0" falsecount="4"/>
        <line num="719" count="0" type="stmt"/>
        <line num="720" count="0" type="stmt"/>
        <line num="721" count="0" type="cond" truecount="0" falsecount="2"/>
        <line num="722" count="0" type="stmt"/>
        <line num="723" count="0" type="stmt"/>
        <line num="726" count="18" type="stmt"/>
        <line num="734" count="18" type="stmt"/>
        <line num="736" count="18" type="stmt"/>
        <line num="737" count="18" type="stmt"/>
        <line num="738" count="18" type="stmt"/>
        <line num="740" count="18" type="stmt"/>
        <line num="751" count="5" type="stmt"/>
        <line num="757" count="5" type="cond" truecount="2" falsecount="0"/>
        <line num="758" count="2" type="stmt"/>
        <line num="760" count="3" type="stmt"/>
        <line num="768" count="3" type="cond" truecount="1" falsecount="1"/>
        <line num="770" count="3" type="stmt"/>
        <line num="776" count="3" type="stmt"/>
        <line num="787" count="11" type="stmt"/>
        <line num="793" count="11" type="cond" truecount="2" falsecount="0"/>
        <line num="795" count="9" type="stmt"/>
        <line num="802" count="9" type="cond" truecount="2" falsecount="0"/>
        <line num="803" count="1" type="stmt"/>
        <line num="806" count="8" type="stmt"/>
        <line num="808" count="8" type="stmt"/>
        <line num="816" count="8" type="stmt"/>
        <line num="831" count="7" type="stmt"/>
        <line num="837" count="7" type="cond" truecount="2" falsecount="0"/>
        <line num="838" count="1" type="stmt"/>
        <line num="840" count="6" type="stmt"/>
        <line num="844" count="6" type="stmt"/>
        <line num="845" count="6" type="stmt"/>
        <line num="846" count="6" type="stmt"/>
        <line num="847" count="6" type="stmt"/>
        <line num="849" count="6" type="cond" truecount="2" falsecount="0"/>
        <line num="850" count="3" type="stmt"/>
        <line num="851" count="3" type="stmt"/>
        <line num="852" count="3" type="stmt"/>
        <line num="855" count="6" type="cond" truecount="2" falsecount="0"/>
        <line num="856" count="2" type="stmt"/>
        <line num="857" count="2" type="stmt"/>
        <line num="858" count="2" type="stmt"/>
        <line num="861" count="6" type="stmt"/>
        <line num="863" count="6" type="stmt"/>
        <line num="866" count="6" type="cond" truecount="1" falsecount="1"/>
        <line num="868" count="6" type="stmt"/>
        <line num="870" count="13" type="stmt"/>
        <line num="878" count="6" type="stmt"/>
        <line num="890" count="20" type="stmt"/>
        <line num="895" count="20" type="cond" truecount="2" falsecount="0"/>
        <line num="897" count="18" type="stmt"/>
        <line num="899" count="18" type="stmt"/>
        <line num="904" count="18" type="cond" truecount="1" falsecount="1"/>
        <line num="906" count="18" type="stmt"/>
        <line num="908" count="18" type="stmt"/>
        <line num="914" count="18" type="cond" truecount="2" falsecount="0"/>
        <line num="915" count="2" type="stmt"/>
        <line num="917" count="16" type="stmt"/>
        <line num="926" count="16" type="cond" truecount="2" falsecount="0"/>
        <line num="927" count="12" type="stmt"/>
        <line num="929" count="4" type="stmt"/>
        <line num="930" count="4" type="stmt"/>
        <line num="933" count="16" type="stmt"/>
        <line num="937" count="16" type="cond" truecount="2" falsecount="0"/>
        <line num="938" count="12" type="stmt"/>
        <line num="950" count="4" type="cond" truecount="4" falsecount="0"/>
        <line num="951" count="3" type="stmt"/>
        <line num="959" count="1" type="stmt"/>
        <line num="962" count="15" type="stmt"/>
        <line num="973" count="7" type="stmt"/>
        <line num="979" count="7" type="stmt"/>
        <line num="980" count="7" type="stmt"/>
        <line num="981" count="7" type="stmt"/>
        <line num="982" count="7" type="stmt"/>
        <line num="984" count="7" type="cond" truecount="2" falsecount="0"/>
        <line num="985" count="4" type="stmt"/>
        <line num="986" count="4" type="stmt"/>
        <line num="987" count="4" type="stmt"/>
        <line num="990" count="7" type="cond" truecount="2" falsecount="0"/>
        <line num="991" count="3" type="stmt"/>
        <line num="992" count="3" type="stmt"/>
        <line num="993" count="3" type="stmt"/>
        <line num="996" count="7" type="stmt"/>
        <line num="998" count="7" type="stmt"/>
        <line num="1001" count="7" type="cond" truecount="1" falsecount="1"/>
        <line num="1003" count="7" type="stmt"/>
        <line num="1005" count="11" type="stmt"/>
        <line num="1014" count="7" type="stmt"/>
        <line num="1032" count="15" type="stmt"/>
        <line num="1037" count="15" type="cond" truecount="2" falsecount="0"/>
        <line num="1038" count="2" type="stmt"/>
        <line num="1040" count="13" type="stmt"/>
        <line num="1042" count="13" type="stmt"/>
        <line num="1047" count="13" type="cond" truecount="1" falsecount="1"/>
        <line num="1048" count="0" type="stmt"/>
        <line num="1050" count="13" type="stmt"/>
        <line num="1052" count="13" type="stmt"/>
        <line num="1057" count="13" type="cond" truecount="2" falsecount="0"/>
        <line num="1058" count="1" type="stmt"/>
        <line num="1060" count="12" type="stmt"/>
        <line num="1071" count="12" type="cond" truecount="2" falsecount="0"/>
        <line num="1072" count="9" type="stmt"/>
        <line num="1074" count="3" type="stmt"/>
        <line num="1075" count="3" type="stmt"/>
        <line num="1078" count="12" type="stmt"/>
        <line num="1082" count="12" type="cond" truecount="4" falsecount="0"/>
        <line num="1083" count="8" type="stmt"/>
        <line num="1095" count="4" type="cond" truecount="4" falsecount="0"/>
        <line num="1096" count="2" type="stmt"/>
        <line num="1104" count="2" type="stmt"/>
        <line num="1107" count="10" type="stmt"/>
        <line num="1120" count="6" type="stmt"/>
        <line num="1126" count="6" type="cond" truecount="2" falsecount="0"/>
        <line num="1127" count="2" type="stmt"/>
        <line num="1129" count="4" type="stmt"/>
        <line num="1137" count="4" type="stmt"/>
        <line num="1139" count="4" type="cond" truecount="2" falsecount="0"/>
        <line num="1140" count="1" type="stmt"/>
        <line num="1143" count="4" type="stmt"/>
        <line num="1145" count="4" type="cond" truecount="1" falsecount="1"/>
        <line num="1147" count="4" type="stmt"/>
        <line num="1149" count="18" type="stmt"/>
        <line num="1158" count="4" type="stmt"/>
        <line num="1177" count="21" type="stmt"/>
        <line num="1183" count="21" type="cond" truecount="2" falsecount="0"/>
        <line num="1184" count="2" type="stmt"/>
        <line num="1186" count="19" type="stmt"/>
        <line num="1192" count="19" type="cond" truecount="2" falsecount="0"/>
        <line num="1194" count="18" type="stmt"/>
        <line num="1199" count="18" type="cond" truecount="2" falsecount="0"/>
        <line num="1201" count="17" type="stmt"/>
        <line num="1204" count="17" type="stmt"/>
        <line num="1209" count="17" type="cond" truecount="2" falsecount="0"/>
        <line num="1211" count="16" type="stmt"/>
        <line num="1214" count="16" type="stmt"/>
        <line num="1216" count="16" type="stmt"/>
        <line num="1230" count="16" type="stmt"/>
        <line num="1231" count="16" type="stmt"/>
        <line num="1233" count="16" type="stmt"/>
        <line num="1244" count="16" type="stmt"/>
        <line num="1246" count="16" type="stmt"/>
        <line num="1254" count="16" type="stmt"/>
        <line num="1256" count="16" type="cond" truecount="1" falsecount="1"/>
        <line num="1257" count="0" type="stmt"/>
        <line num="1268" count="3" type="stmt"/>
        <line num="1275" count="3" type="cond" truecount="2" falsecount="0"/>
        <line num="1277" count="2" type="stmt"/>
        <line num="1288" count="9" type="stmt"/>
        <line num="1294" count="9" type="cond" truecount="2" falsecount="0"/>
        <line num="1295" count="1" type="stmt"/>
        <line num="1297" count="8" type="stmt"/>
        <line num="1301" count="8" type="stmt"/>
        <line num="1302" count="8" type="stmt"/>
        <line num="1303" count="8" type="stmt"/>
        <line num="1304" count="8" type="stmt"/>
        <line num="1306" count="8" type="cond" truecount="2" falsecount="0"/>
        <line num="1307" count="5" type="stmt"/>
        <line num="1308" count="5" type="stmt"/>
        <line num="1309" count="5" type="stmt"/>
        <line num="1312" count="8" type="cond" truecount="2" falsecount="0"/>
        <line num="1313" count="5" type="stmt"/>
        <line num="1314" count="5" type="stmt"/>
        <line num="1315" count="5" type="stmt"/>
        <line num="1318" count="8" type="stmt"/>
        <line num="1320" count="8" type="stmt"/>
        <line num="1322" count="8" type="stmt"/>
        <line num="1324" count="8" type="cond" truecount="2" falsecount="0"/>
        <line num="1325" count="2" type="stmt"/>
        <line num="1331" count="6" type="stmt"/>
        <line num="1348" count="17" type="stmt"/>
        <line num="1354" count="17" type="cond" truecount="2" falsecount="0"/>
        <line num="1355" count="1" type="stmt"/>
        <line num="1357" count="16" type="stmt"/>
        <line num="1362" count="16" type="cond" truecount="1" falsecount="1"/>
        <line num="1364" count="16" type="stmt"/>
        <line num="1367" count="16" type="stmt"/>
        <line num="1372" count="16" type="cond" truecount="1" falsecount="1"/>
        <line num="1374" count="16" type="stmt"/>
        <line num="1377" count="16" type="stmt"/>
        <line num="1386" count="16" type="cond" truecount="2" falsecount="0"/>
        <line num="1387" count="13" type="stmt"/>
        <line num="1389" count="3" type="stmt"/>
        <line num="1390" count="3" type="stmt"/>
        <line num="1395" count="16" type="cond" truecount="2" falsecount="0"/>
        <line num="1396" count="13" type="stmt"/>
        <line num="1398" count="13" type="stmt"/>
        <line num="1409" count="3" type="stmt"/>
        <line num="1410" count="3" type="stmt"/>
        <line num="1419" count="16" type="stmt"/>
        <line num="1426" count="6" type="stmt"/>
      </file>
    </package>
    <package name="backend.models.tests">
      <metrics statements="29" coveredstatements="29" conditionals="0" coveredconditionals="0" methods="4" coveredmethods="4"/>
      <file name="_testCommon.js" path="F:\cw_git\trivia\backend\models\tests\_testCommon.js">
        <metrics statements="29" coveredstatements="29" conditionals="0" coveredconditionals="0" methods="4" coveredmethods="4"/>
        <line num="1" count="1" type="stmt"/>
        <line num="3" count="1" type="stmt"/>
        <line num="4" count="1" type="stmt"/>
        <line num="7" count="1" type="stmt"/>
        <line num="8" count="1" type="stmt"/>
        <line num="9" count="1" type="stmt"/>
        <line num="11" count="1" type="stmt"/>
        <line num="12" count="1" type="stmt"/>
        <line num="14" count="1" type="stmt"/>
        <line num="15" count="1" type="stmt"/>
        <line num="16" count="1" type="stmt"/>
        <line num="17" count="1" type="stmt"/>
        <line num="18" count="1" type="stmt"/>
        <line num="19" count="1" type="stmt"/>
        <line num="21" count="1" type="stmt"/>
        <line num="27" count="1" type="stmt"/>
        <line num="32" count="1" type="stmt"/>
        <line num="48" count="1" type="stmt"/>
        <line num="54" count="1" type="stmt"/>
        <line num="59" count="1" type="stmt"/>
        <line num="72" count="1" type="stmt"/>
        <line num="79" count="1" type="stmt"/>
        <line num="87" count="1" type="stmt"/>
        <line num="94" count="1" type="stmt"/>
        <line num="100" count="1" type="stmt"/>
        <line num="110" count="83" type="stmt"/>
        <line num="114" count="83" type="stmt"/>
        <line num="118" count="1" type="stmt"/>
        <line num="122" count="1" type="stmt"/>
      </file>
    </package>
    <package name="backend.routes">
      <metrics statements="272" coveredstatements="265" conditionals="36" coveredconditionals="32" methods="46" coveredmethods="45"/>
      <file name="auth.js" path="F:\cw_git\trivia\backend\routes\auth.js">
        <metrics statements="30" coveredstatements="30" conditionals="4" coveredconditionals="4" methods="4" coveredmethods="4"/>
        <line num="5" count="5" type="stmt"/>
        <line num="7" count="5" type="stmt"/>
        <line num="8" count="5" type="stmt"/>
        <line num="9" count="5" type="stmt"/>
        <line num="10" count="5" type="stmt"/>
        <line num="11" count="5" type="stmt"/>
        <line num="12" count="5" type="stmt"/>
        <line num="13" count="5" type="stmt"/>
        <line num="21" count="5" type="stmt"/>
        <line num="22" count="5" type="stmt"/>
        <line num="23" count="5" type="stmt"/>
        <line num="24" count="5" type="cond" truecount="2" falsecount="0"/>
        <line num="25" count="2" type="stmt"/>
        <line num="26" count="2" type="stmt"/>
        <line num="29" count="3" type="stmt"/>
        <line num="30" count="3" type="stmt"/>
        <line num="31" count="1" type="stmt"/>
        <line num="32" count="1" type="stmt"/>
        <line num="34" count="4" type="stmt"/>
        <line num="45" count="5" type="stmt"/>
        <line num="46" count="3" type="stmt"/>
        <line num="47" count="3" type="stmt"/>
        <line num="48" count="3" type="cond" truecount="2" falsecount="0"/>
        <line num="49" count="5" type="stmt"/>
        <line num="50" count="2" type="stmt"/>
        <line num="53" count="1" type="stmt"/>
        <line num="54" count="1" type="stmt"/>
        <line num="55" count="1" type="stmt"/>
        <line num="57" count="2" type="stmt"/>
        <line num="61" count="5" type="stmt"/>
      </file>
      <file name="leaderboard.js" path="F:\cw_git\trivia\backend\routes\leaderboard.js">
        <metrics statements="25" coveredstatements="23" conditionals="4" coveredconditionals="3" methods="3" coveredmethods="3"/>
        <line num="5" count="5" type="stmt"/>
        <line num="6" count="5" type="stmt"/>
        <line num="7" count="5" type="stmt"/>
        <line num="8" count="5" type="stmt"/>
        <line num="13" count="5" type="stmt"/>
        <line num="15" count="5" type="stmt"/>
        <line num="17" count="5" type="stmt"/>
        <line num="28" count="5" type="stmt"/>
        <line num="31" count="4" type="stmt"/>
        <line num="33" count="4" type="stmt"/>
        <line num="35" count="4" type="stmt"/>
        <line num="39" count="4" type="stmt"/>
        <line num="41" count="0" type="stmt"/>
        <line num="54" count="5" type="stmt"/>
        <line num="58" count="3" type="stmt"/>
        <line num="60" count="3" type="stmt"/>
        <line num="61" count="3" type="cond" truecount="2" falsecount="0"/>
        <line num="62" count="3" type="stmt"/>
        <line num="63" count="2" type="stmt"/>
        <line num="66" count="1" type="stmt"/>
        <line num="68" count="1" type="cond" truecount="1" falsecount="1"/>
        <line num="69" count="1" type="stmt"/>
        <line num="71" count="0" type="stmt"/>
        <line num="75" count="2" type="stmt"/>
        <line num="81" count="5" type="stmt"/>
      </file>
      <file name="quizzes.js" path="F:\cw_git\trivia\backend\routes\quizzes.js">
        <metrics statements="16" coveredstatements="14" conditionals="2" coveredconditionals="1" methods="2" coveredmethods="2"/>
        <line num="5" count="5" type="stmt"/>
        <line num="6" count="5" type="stmt"/>
        <line num="8" count="5" type="stmt"/>
        <line num="10" count="5" type="stmt"/>
        <line num="12" count="5" type="stmt"/>
        <line num="14" count="5" type="stmt"/>
        <line num="15" count="1" type="stmt"/>
        <line num="16" count="1" type="stmt"/>
        <line num="24" count="1" type="cond" truecount="1" falsecount="1"/>
        <line num="25" count="0" type="stmt"/>
        <line num="28" count="1" type="stmt"/>
        <line num="29" count="3" type="stmt"/>
        <line num="31" count="3" type="stmt"/>
        <line num="34" count="1" type="stmt"/>
        <line num="36" count="0" type="stmt"/>
        <line num="40" count="5" type="stmt"/>
      </file>
      <file name="users.js" path="F:\cw_git\trivia\backend\routes\users.js">
        <metrics statements="201" coveredstatements="198" conditionals="26" coveredconditionals="24" methods="37" coveredmethods="36"/>
        <line num="5" count="5" type="stmt"/>
        <line num="6" count="5" type="stmt"/>
        <line num="8" count="5" type="stmt"/>
        <line num="9" count="5" type="stmt"/>
        <line num="10" count="5" type="stmt"/>
        <line num="11" count="5" type="stmt"/>
        <line num="12" count="5" type="stmt"/>
        <line num="14" count="5" type="stmt"/>
        <line num="15" count="5" type="stmt"/>
        <line num="16" count="5" type="stmt"/>
        <line num="17" count="5" type="stmt"/>
        <line num="19" count="5" type="stmt"/>
        <line num="20" count="5" type="stmt"/>
        <line num="21" count="5" type="stmt"/>
        <line num="22" count="5" type="stmt"/>
        <line num="23" count="5" type="stmt"/>
        <line num="24" count="5" type="stmt"/>
        <line num="25" count="5" type="stmt"/>
        <line num="27" count="5" type="stmt"/>
        <line num="41" count="5" type="stmt"/>
        <line num="42" count="4" type="stmt"/>
        <line num="43" count="4" type="stmt"/>
        <line num="44" count="4" type="cond" truecount="2" falsecount="0"/>
        <line num="45" count="7" type="stmt"/>
        <line num="46" count="2" type="stmt"/>
        <line num="49" count="2" type="stmt"/>
        <line num="50" count="2" type="stmt"/>
        <line num="51" count="2" type="stmt"/>
        <line num="53" count="2" type="stmt"/>
        <line num="64" count="5" type="stmt"/>
        <line num="65" count="2" type="stmt"/>
        <line num="66" count="2" type="stmt"/>
        <line num="67" count="1" type="stmt"/>
        <line num="69" count="1" type="stmt"/>
        <line num="81" count="5" type="stmt"/>
        <line num="85" count="3" type="stmt"/>
        <line num="86" count="3" type="stmt"/>
        <line num="87" count="2" type="stmt"/>
        <line num="89" count="1" type="stmt"/>
        <line num="104" count="5" type="stmt"/>
        <line num="108" count="5" type="stmt"/>
        <line num="109" count="5" type="stmt"/>
        <line num="110" count="5" type="cond" truecount="2" falsecount="0"/>
        <line num="111" count="1" type="stmt"/>
        <line num="112" count="1" type="stmt"/>
        <line num="115" count="4" type="stmt"/>
        <line num="116" count="3" type="stmt"/>
        <line num="118" count="2" type="stmt"/>
        <line num="128" count="5" type="stmt"/>
        <line num="132" count="3" type="stmt"/>
        <line num="133" count="3" type="stmt"/>
        <line num="134" count="2" type="stmt"/>
        <line num="136" count="1" type="stmt"/>
        <line num="150" count="5" type="stmt"/>
        <line num="154" count="3" type="stmt"/>
        <line num="155" count="3" type="stmt"/>
        <line num="156" count="2" type="stmt"/>
        <line num="158" count="1" type="stmt"/>
        <line num="170" count="5" type="stmt"/>
        <line num="174" count="6" type="stmt"/>
        <line num="175" count="6" type="stmt"/>
        <line num="176" count="6" type="cond" truecount="2" falsecount="0"/>
        <line num="177" count="2" type="stmt"/>
        <line num="178" count="2" type="stmt"/>
        <line num="181" count="4" type="stmt"/>
        <line num="182" count="2" type="stmt"/>
        <line num="184" count="4" type="stmt"/>
        <line num="197" count="5" type="stmt"/>
        <line num="201" count="3" type="stmt"/>
        <line num="202" count="3" type="stmt"/>
        <line num="204" count="2" type="stmt"/>
        <line num="206" count="1" type="stmt"/>
        <line num="219" count="5" type="stmt"/>
        <line num="223" count="7" type="stmt"/>
        <line num="225" count="7" type="stmt"/>
        <line num="226" count="7" type="cond" truecount="2" falsecount="0"/>
        <line num="227" count="2" type="stmt"/>
        <line num="228" count="2" type="stmt"/>
        <line num="232" count="5" type="stmt"/>
        <line num="237" count="2" type="stmt"/>
        <line num="239" count="5" type="stmt"/>
        <line num="251" count="5" type="stmt"/>
        <line num="255" count="4" type="stmt"/>
        <line num="256" count="4" type="stmt"/>
        <line num="259" count="2" type="stmt"/>
        <line num="261" count="2" type="stmt"/>
        <line num="275" count="5" type="stmt"/>
        <line num="279" count="3" type="stmt"/>
        <line num="280" count="3" type="stmt"/>
        <line num="281" count="2" type="stmt"/>
        <line num="283" count="1" type="stmt"/>
        <line num="296" count="5" type="stmt"/>
        <line num="300" count="5" type="stmt"/>
        <line num="302" count="5" type="stmt"/>
        <line num="303" count="5" type="cond" truecount="2" falsecount="0"/>
        <line num="304" count="2" type="stmt"/>
        <line num="305" count="2" type="stmt"/>
        <line num="308" count="3" type="stmt"/>
        <line num="309" count="2" type="stmt"/>
        <line num="311" count="3" type="stmt"/>
        <line num="323" count="5" type="stmt"/>
        <line num="327" count="2" type="stmt"/>
        <line num="328" count="2" type="stmt"/>
        <line num="329" count="1" type="stmt"/>
        <line num="331" count="1" type="stmt"/>
        <line num="344" count="5" type="stmt"/>
        <line num="348" count="4" type="stmt"/>
        <line num="350" count="4" type="stmt"/>
        <line num="351" count="4" type="cond" truecount="1" falsecount="1"/>
        <line num="352" count="0" type="stmt"/>
        <line num="353" count="0" type="stmt"/>
        <line num="356" count="4" type="stmt"/>
        <line num="360" count="2" type="stmt"/>
        <line num="362" count="2" type="stmt"/>
        <line num="373" count="5" type="stmt"/>
        <line num="378" count="3" type="stmt"/>
        <line num="379" count="3" type="stmt"/>
        <line num="380" count="2" type="stmt"/>
        <line num="382" count="1" type="stmt"/>
        <line num="396" count="5" type="stmt"/>
        <line num="400" count="3" type="stmt"/>
        <line num="401" count="3" type="stmt"/>
        <line num="402" count="2" type="stmt"/>
        <line num="404" count="1" type="stmt"/>
        <line num="416" count="5" type="stmt"/>
        <line num="421" count="4" type="stmt"/>
        <line num="422" count="4" type="stmt"/>
        <line num="423" count="4" type="cond" truecount="2" falsecount="0"/>
        <line num="424" count="2" type="stmt"/>
        <line num="425" count="2" type="stmt"/>
        <line num="428" count="2" type="stmt"/>
        <line num="432" count="1" type="stmt"/>
        <line num="434" count="3" type="stmt"/>
        <line num="446" count="5" type="stmt"/>
        <line num="450" count="3" type="stmt"/>
        <line num="451" count="3" type="stmt"/>
        <line num="452" count="2" type="stmt"/>
        <line num="454" count="1" type="stmt"/>
        <line num="466" count="5" type="stmt"/>
        <line num="470" count="5" type="stmt"/>
        <line num="472" count="5" type="stmt"/>
        <line num="473" count="5" type="cond" truecount="2" falsecount="0"/>
        <line num="474" count="2" type="stmt"/>
        <line num="475" count="2" type="stmt"/>
        <line num="478" count="3" type="stmt"/>
        <line num="479" count="2" type="cond" truecount="1" falsecount="1"/>
        <line num="480" count="2" type="stmt"/>
        <line num="482" count="0" type="stmt"/>
        <line num="486" count="3" type="stmt"/>
        <line num="501" count="5" type="stmt"/>
        <line num="505" count="4" type="stmt"/>
        <line num="506" count="4" type="stmt"/>
        <line num="508" count="4" type="stmt"/>
        <line num="513" count="3" type="stmt"/>
        <line num="515" count="1" type="stmt"/>
        <line num="528" count="5" type="stmt"/>
        <line num="532" count="5" type="stmt"/>
        <line num="534" count="5" type="stmt"/>
        <line num="535" count="5" type="cond" truecount="2" falsecount="0"/>
        <line num="536" count="4" type="stmt"/>
        <line num="537" count="2" type="stmt"/>
        <line num="540" count="3" type="stmt"/>
        <line num="541" count="2" type="stmt"/>
        <line num="543" count="3" type="stmt"/>
        <line num="558" count="5" type="stmt"/>
        <line num="562" count="3" type="stmt"/>
        <line num="563" count="3" type="stmt"/>
        <line num="564" count="2" type="stmt"/>
        <line num="566" count="1" type="stmt"/>
        <line num="579" count="5" type="stmt"/>
        <line num="584" count="5" type="stmt"/>
        <line num="586" count="5" type="stmt"/>
        <line num="587" count="5" type="cond" truecount="2" falsecount="0"/>
        <line num="588" count="2" type="stmt"/>
        <line num="589" count="1" type="stmt"/>
        <line num="592" count="4" type="stmt"/>
        <line num="593" count="4" type="cond" truecount="2" falsecount="0"/>
        <line num="595" count="3" type="stmt"/>
        <line num="596" count="2" type="stmt"/>
        <line num="598" count="3" type="stmt"/>
        <line num="611" count="5" type="stmt"/>
        <line num="615" count="2" type="stmt"/>
        <line num="616" count="2" type="stmt"/>
        <line num="617" count="1" type="stmt"/>
        <line num="619" count="1" type="stmt"/>
        <line num="633" count="5" type="stmt"/>
        <line num="637" count="4" type="stmt"/>
        <line num="638" count="4" type="stmt"/>
        <line num="640" count="4" type="stmt"/>
        <line num="645" count="3" type="stmt"/>
        <line num="647" count="1" type="stmt"/>
        <line num="660" count="5" type="stmt"/>
        <line num="664" count="5" type="stmt"/>
        <line num="666" count="5" type="stmt"/>
        <line num="667" count="5" type="cond" truecount="2" falsecount="0"/>
        <line num="668" count="2" type="stmt"/>
        <line num="669" count="2" type="stmt"/>
        <line num="672" count="3" type="stmt"/>
        <line num="673" count="2" type="stmt"/>
        <line num="675" count="3" type="stmt"/>
        <line num="681" count="5" type="stmt"/>
      </file>
    </package>
    <package name="backend.routes.tests">
      <metrics statements="41" coveredstatements="41" conditionals="0" coveredconditionals="0" methods="4" coveredmethods="4"/>
      <file name="_testCommonRoutes.js" path="F:\cw_git\trivia\backend\routes\tests\_testCommonRoutes.js">
        <metrics statements="41" coveredstatements="41" conditionals="0" coveredconditionals="0" methods="4" coveredmethods="4"/>
        <line num="3" count="4" type="stmt"/>
        <line num="4" count="4" type="stmt"/>
        <line num="5" count="4" type="stmt"/>
        <line num="8" count="4" type="stmt"/>
        <line num="9" count="4" type="stmt"/>
        <line num="10" count="4" type="stmt"/>
        <line num="12" count="4" type="stmt"/>
        <line num="13" count="4" type="stmt"/>
        <line num="15" count="4" type="stmt"/>
        <line num="16" count="4" type="stmt"/>
        <line num="17" count="4" type="stmt"/>
        <line num="18" count="4" type="stmt"/>
        <line num="19" count="4" type="stmt"/>
        <line num="20" count="4" type="stmt"/>
        <line num="22" count="4" type="stmt"/>
        <line num="28" count="4" type="stmt"/>
        <line num="33" count="4" type="stmt"/>
        <line num="41" count="4" type="stmt"/>
        <line num="50" count="4" type="stmt"/>
        <line num="59" count="4" type="stmt"/>
        <line num="68" count="4" type="stmt"/>
        <line num="77" count="4" type="stmt"/>
        <line num="79" count="4" type="stmt"/>
        <line num="80" count="4" type="stmt"/>
        <line num="82" count="4" type="stmt"/>
        <line num="89" count="4" type="stmt"/>
        <line num="96" count="4" type="stmt"/>
        <line num="103" count="4" type="stmt"/>
        <line num="111" count="4" type="stmt"/>
        <line num="119" count="4" type="stmt"/>
        <line num="127" count="4" type="stmt"/>
        <line num="135" count="4" type="stmt"/>
        <line num="144" count="4" type="stmt"/>
        <line num="150" count="4" type="stmt"/>
        <line num="156" count="4" type="stmt"/>
        <line num="167" count="169" type="stmt"/>
        <line num="171" count="169" type="stmt"/>
        <line num="175" count="4" type="stmt"/>
        <line num="178" count="4" type="stmt"/>
        <line num="179" count="4" type="stmt"/>
        <line num="181" count="4" type="stmt"/>
      </file>
    </package>
  </project>
</coverage>
