{"F:\\cw_git\\trivia\\backend\\app.js": {"path":"F:\\cw_git\\trivia\\backend\\app.js","statementMap":{"0":{"start":{"line":3,"column":16},"end":{"line":3,"column":34}},"1":{"start":{"line":4,"column":13},"end":{"line":4,"column":28}},"2":{"start":{"line":6,"column":26},"end":{"line":6,"column":51}},"3":{"start":{"line":8,"column":28},"end":{"line":8,"column":56}},"4":{"start":{"line":9,"column":19},"end":{"line":9,"column":43}},"5":{"start":{"line":10,"column":20},"end":{"line":10,"column":45}},"6":{"start":{"line":11,"column":22},"end":{"line":11,"column":49}},"7":{"start":{"line":12,"column":26},"end":{"line":12,"column":57}},"8":{"start":{"line":14,"column":12},"end":{"line":14,"column":21}},"9":{"start":{"line":16,"column":0},"end":{"line":16,"column":16}},"10":{"start":{"line":17,"column":0},"end":{"line":17,"column":24}},"11":{"start":{"line":18,"column":0},"end":{"line":18,"column":48}},"12":{"start":{"line":20,"column":0},"end":{"line":20,"column":25}},"13":{"start":{"line":22,"column":0},"end":{"line":27,"column":3}},"14":{"start":{"line":23,"column":2},"end":{"line":23,"column":52}},"15":{"start":{"line":24,"column":2},"end":{"line":24,"column":77}},"16":{"start":{"line":25,"column":2},"end":{"line":25,"column":81}},"17":{"start":{"line":26,"column":2},"end":{"line":26,"column":8}},"18":{"start":{"line":30,"column":0},"end":{"line":30,"column":29}},"19":{"start":{"line":31,"column":0},"end":{"line":31,"column":31}},"20":{"start":{"line":32,"column":0},"end":{"line":32,"column":35}},"21":{"start":{"line":33,"column":0},"end":{"line":33,"column":43}},"22":{"start":{"line":39,"column":0},"end":{"line":41,"column":3}},"23":{"start":{"line":40,"column":2},"end":{"line":40,"column":35}},"24":{"start":{"line":44,"column":0},"end":{"line":53,"column":3}},"25":{"start":{"line":45,"column":2},"end":{"line":45,"column":64}},"26":{"start":{"line":45,"column":39},"end":{"line":45,"column":64}},"27":{"start":{"line":47,"column":17},"end":{"line":47,"column":34}},"28":{"start":{"line":48,"column":18},"end":{"line":48,"column":29}},"29":{"start":{"line":50,"column":2},"end":{"line":52,"column":5}},"30":{"start":{"line":55,"column":0},"end":{"line":55,"column":21}}},"fnMap":{"0":{"name":"(anonymous_0)","decl":{"start":{"line":22,"column":9},"end":{"line":22,"column":10}},"loc":{"start":{"line":22,"column":27},"end":{"line":27,"column":1}},"line":22},"1":{"name":"(anonymous_1)","decl":{"start":{"line":39,"column":8},"end":{"line":39,"column":9}},"loc":{"start":{"line":39,"column":34},"end":{"line":41,"column":1}},"line":39},"2":{"name":"(anonymous_2)","decl":{"start":{"line":44,"column":8},"end":{"line":44,"column":9}},"loc":{"start":{"line":44,"column":39},"end":{"line":53,"column":1}},"line":44}},"branchMap":{"0":{"loc":{"start":{"line":45,"column":2},"end":{"line":45,"column":64}},"type":"if","locations":[{"start":{"line":45,"column":2},"end":{"line":45,"column":64}},{"start":{},"end":{}}],"line":45},"1":{"loc":{"start":{"line":47,"column":17},"end":{"line":47,"column":34}},"type":"binary-expr","locations":[{"start":{"line":47,"column":17},"end":{"line":47,"column":27}},{"start":{"line":47,"column":31},"end":{"line":47,"column":34}}],"line":47}},"s":{"0":5,"1":5,"2":5,"3":5,"4":5,"5":5,"6":5,"7":5,"8":5,"9":5,"10":5,"11":5,"12":5,"13":5,"14":170,"15":170,"16":170,"17":170,"18":5,"19":5,"20":5,"21":5,"22":5,"23":2,"24":5,"25":111,"26":1,"27":111,"28":111,"29":111,"30":5},"f":{"0":170,"1":2,"2":111},"b":{"0":[1,110],"1":[111,1]},"_coverageSchema":"1a1c01bbd47fc00a2c39e90264f33305004495a9","hash":"40c140d47cb88a7f36902864c1dad25b67053db6"}
,"F:\\cw_git\\trivia\\backend\\config.js": {"path":"F:\\cw_git\\trivia\\backend\\config.js","statementMap":{"0":{"start":{"line":1,"column":0},"end":{"line":1,"column":27}},"1":{"start":{"line":3,"column":19},"end":{"line":3,"column":53}},"2":{"start":{"line":4,"column":13},"end":{"line":4,"column":38}},"3":{"start":{"line":7,"column":2},"end":{"line":10,"column":60}},"4":{"start":{"line":12,"column":27},"end":{"line":12,"column":67}},"5":{"start":{"line":14,"column":0},"end":{"line":19,"column":2}}},"fnMap":{},"branchMap":{"0":{"loc":{"start":{"line":3,"column":19},"end":{"line":3,"column":53}},"type":"binary-expr","locations":[{"start":{"line":3,"column":19},"end":{"line":3,"column":41}},{"start":{"line":3,"column":45},"end":{"line":3,"column":53}}],"line":3},"1":{"loc":{"start":{"line":4,"column":13},"end":{"line":4,"column":38}},"type":"binary-expr","locations":[{"start":{"line":4,"column":13},"end":{"line":4,"column":30}},{"start":{"line":4,"column":34},"end":{"line":4,"column":38}}],"line":4},"2":{"loc":{"start":{"line":7,"column":2},"end":{"line":10,"column":60}},"type":"cond-expr","locations":[{"start":{"line":8,"column":6},"end":{"line":8,"column":65}},{"start":{"line":9,"column":6},"end":{"line":10,"column":60}}],"line":7},"3":{"loc":{"start":{"line":9,"column":6},"end":{"line":10,"column":60}},"type":"binary-expr","locations":[{"start":{"line":9,"column":6},"end":{"line":9,"column":30}},{"start":{"line":10,"column":6},"end":{"line":10,"column":60}}],"line":9},"4":{"loc":{"start":{"line":12,"column":27},"end":{"line":12,"column":67}},"type":"cond-expr","locations":[{"start":{"line":12,"column":61},"end":{"line":12,"column":62}},{"start":{"line":12,"column":65},"end":{"line":12,"column":67}}],"line":12}},"s":{"0":10,"1":10,"2":10,"3":10,"4":10,"5":10},"f":{},"b":{"0":[10,0],"1":[10,8],"2":[9,1],"3":[1,0],"4":[9,1]},"_coverageSchema":"1a1c01bbd47fc00a2c39e90264f33305004495a9","hash":"c3b00dc5b3f03177fbe67386268bec2b5fb50563"}
,"F:\\cw_git\\trivia\\backend\\db.js": {"path":"F:\\cw_git\\trivia\\backend\\db.js","statementMap":{"0":{"start":{"line":4,"column":17},"end":{"line":4,"column":30}},"1":{"start":{"line":5,"column":19},"end":{"line":5,"column":38}},"2":{"start":{"line":10,"column":11},"end":{"line":15,"column":2}},"3":{"start":{"line":18,"column":0},"end":{"line":29,"column":3}},"4":{"start":{"line":19,"column":2},"end":{"line":21,"column":3}},"5":{"start":{"line":20,"column":4},"end":{"line":20,"column":62}},"6":{"start":{"line":22,"column":2},"end":{"line":28,"column":5}},"7":{"start":{"line":23,"column":4},"end":{"line":23,"column":14}},"8":{"start":{"line":24,"column":4},"end":{"line":26,"column":5}},"9":{"start":{"line":25,"column":6},"end":{"line":25,"column":63}},"10":{"start":{"line":27,"column":4},"end":{"line":27,"column":29}},"11":{"start":{"line":34,"column":0},"end":{"line":34,"column":20}}},"fnMap":{"0":{"name":"(anonymous_0)","decl":{"start":{"line":18,"column":11},"end":{"line":18,"column":12}},"loc":{"start":{"line":18,"column":37},"end":{"line":29,"column":1}},"line":18},"1":{"name":"(anonymous_1)","decl":{"start":{"line":22,"column":31},"end":{"line":22,"column":32}},"loc":{"start":{"line":22,"column":48},"end":{"line":28,"column":3}},"line":22}},"branchMap":{"0":{"loc":{"start":{"line":19,"column":2},"end":{"line":21,"column":3}},"type":"if","locations":[{"start":{"line":19,"column":2},"end":{"line":21,"column":3}},{"start":{},"end":{}}],"line":19},"1":{"loc":{"start":{"line":24,"column":4},"end":{"line":26,"column":5}},"type":"if","locations":[{"start":{"line":24,"column":4},"end":{"line":26,"column":5}},{"start":{},"end":{}}],"line":24}},"s":{"0":6,"1":6,"2":6,"3":6,"4":5,"5":0,"6":5,"7":5,"8":5,"9":0,"10":5,"11":6},"f":{"0":5,"1":5},"b":{"0":[0,5],"1":[0,5]},"_coverageSchema":"1a1c01bbd47fc00a2c39e90264f33305004495a9","hash":"ef0c9a0f6ae102014c94ee5302b246ef56c05820"}
,"F:\\cw_git\\trivia\\backend\\expressError.js": {"path":"F:\\cw_git\\trivia\\backend\\expressError.js","statementMap":{"0":{"start":{"line":9,"column":4},"end":{"line":9,"column":12}},"1":{"start":{"line":10,"column":4},"end":{"line":10,"column":27}},"2":{"start":{"line":11,"column":4},"end":{"line":11,"column":25}},"3":{"start":{"line":19,"column":4},"end":{"line":19,"column":24}},"4":{"start":{"line":27,"column":4},"end":{"line":27,"column":24}},"5":{"start":{"line":35,"column":4},"end":{"line":35,"column":24}},"6":{"start":{"line":43,"column":4},"end":{"line":43,"column":24}},"7":{"start":{"line":47,"column":0},"end":{"line":53,"column":2}}},"fnMap":{"0":{"name":"(anonymous_0)","decl":{"start":{"line":8,"column":2},"end":{"line":8,"column":3}},"loc":{"start":{"line":8,"column":31},"end":{"line":12,"column":3}},"line":8},"1":{"name":"(anonymous_1)","decl":{"start":{"line":18,"column":2},"end":{"line":18,"column":3}},"loc":{"start":{"line":18,"column":37},"end":{"line":20,"column":3}},"line":18},"2":{"name":"(anonymous_2)","decl":{"start":{"line":26,"column":2},"end":{"line":26,"column":3}},"loc":{"start":{"line":26,"column":40},"end":{"line":28,"column":3}},"line":26},"3":{"name":"(anonymous_3)","decl":{"start":{"line":34,"column":2},"end":{"line":34,"column":3}},"loc":{"start":{"line":34,"column":39},"end":{"line":36,"column":3}},"line":34},"4":{"name":"(anonymous_4)","decl":{"start":{"line":42,"column":2},"end":{"line":42,"column":3}},"loc":{"start":{"line":42,"column":39},"end":{"line":44,"column":3}},"line":42}},"branchMap":{"0":{"loc":{"start":{"line":18,"column":14},"end":{"line":18,"column":35}},"type":"default-arg","locations":[{"start":{"line":18,"column":24},"end":{"line":18,"column":35}}],"line":18},"1":{"loc":{"start":{"line":26,"column":14},"end":{"line":26,"column":38}},"type":"default-arg","locations":[{"start":{"line":26,"column":24},"end":{"line":26,"column":38}}],"line":26},"2":{"loc":{"start":{"line":34,"column":14},"end":{"line":34,"column":37}},"type":"default-arg","locations":[{"start":{"line":34,"column":24},"end":{"line":34,"column":37}}],"line":34},"3":{"loc":{"start":{"line":42,"column":14},"end":{"line":42,"column":37}},"type":"default-arg","locations":[{"start":{"line":42,"column":24},"end":{"line":42,"column":37}}],"line":42}},"s":{"0":150,"1":150,"2":150,"3":54,"4":61,"5":35,"6":0,"7":8},"f":{"0":150,"1":54,"2":61,"3":35,"4":0},"b":{"0":[2],"1":[57],"2":[0],"3":[0]},"_coverageSchema":"1a1c01bbd47fc00a2c39e90264f33305004495a9","hash":"a6e50eb2c153e666e63c3558ff5aec89e4bb2247"}
,"F:\\cw_git\\trivia\\backend\\helpers\\shuffle.js": {"path":"F:\\cw_git\\trivia\\backend\\helpers\\shuffle.js","statementMap":{"0":{"start":{"line":1,"column":16},"end":{"line":12,"column":1}},"1":{"start":{"line":2,"column":16},"end":{"line":2,"column":28}},"2":{"start":{"line":4,"column":2},"end":{"line":9,"column":3}},"3":{"start":{"line":5,"column":18},"end":{"line":5,"column":53}},"4":{"start":{"line":6,"column":4},"end":{"line":6,"column":14}},"5":{"start":{"line":8,"column":4},"end":{"line":8,"column":72}},"6":{"start":{"line":11,"column":2},"end":{"line":11,"column":15}},"7":{"start":{"line":15,"column":0},"end":{"line":15,"column":29}}},"fnMap":{"0":{"name":"(anonymous_0)","decl":{"start":{"line":1,"column":16},"end":{"line":1,"column":17}},"loc":{"start":{"line":1,"column":27},"end":{"line":12,"column":1}},"line":1}},"branchMap":{},"s":{"0":6,"1":3,"2":3,"3":12,"4":12,"5":12,"6":3,"7":6},"f":{"0":3},"b":{},"_coverageSchema":"1a1c01bbd47fc00a2c39e90264f33305004495a9","hash":"db0acfb3905e15f90a3bd10531af8eff32058d53"}
,"F:\\cw_git\\trivia\\backend\\helpers\\sql.js": {"path":"F:\\cw_git\\trivia\\backend\\helpers\\sql.js","statementMap":{"0":{"start":{"line":1,"column":28},"end":{"line":1,"column":54}},"1":{"start":{"line":21,"column":15},"end":{"line":21,"column":40}},"2":{"start":{"line":22,"column":2},"end":{"line":22,"column":62}},"3":{"start":{"line":22,"column":25},"end":{"line":22,"column":62}},"4":{"start":{"line":25,"column":15},"end":{"line":27,"column":3}},"5":{"start":{"line":26,"column":22},"end":{"line":26,"column":68}},"6":{"start":{"line":29,"column":2},"end":{"line":32,"column":4}},"7":{"start":{"line":35,"column":0},"end":{"line":35,"column":41}}},"fnMap":{"0":{"name":"sqlForPartialUpdate","decl":{"start":{"line":20,"column":9},"end":{"line":20,"column":28}},"loc":{"start":{"line":20,"column":52},"end":{"line":33,"column":1}},"line":20},"1":{"name":"(anonymous_1)","decl":{"start":{"line":26,"column":4},"end":{"line":26,"column":5}},"loc":{"start":{"line":26,"column":22},"end":{"line":26,"column":68}},"line":26}},"branchMap":{"0":{"loc":{"start":{"line":22,"column":2},"end":{"line":22,"column":62}},"type":"if","locations":[{"start":{"line":22,"column":2},"end":{"line":22,"column":62}},{"start":{},"end":{}}],"line":22},"1":{"loc":{"start":{"line":26,"column":26},"end":{"line":26,"column":53}},"type":"binary-expr","locations":[{"start":{"line":26,"column":26},"end":{"line":26,"column":42}},{"start":{"line":26,"column":46},"end":{"line":26,"column":53}}],"line":26}},"s":{"0":7,"1":10,"2":10,"3":1,"4":9,"5":13,"6":9,"7":7},"f":{"0":10,"1":13},"b":{"0":[1,9],"1":[13,4]},"_coverageSchema":"1a1c01bbd47fc00a2c39e90264f33305004495a9","hash":"d13c82abc199de5bfd90db84205a8c92c34ee50b"}
,"F:\\cw_git\\trivia\\backend\\helpers\\tokens.js": {"path":"F:\\cw_git\\trivia\\backend\\helpers\\tokens.js","statementMap":{"0":{"start":{"line":1,"column":12},"end":{"line":1,"column":35}},"1":{"start":{"line":2,"column":23},"end":{"line":2,"column":43}},"2":{"start":{"line":5,"column":2},"end":{"line":8,"column":4}},"3":{"start":{"line":10,"column":16},"end":{"line":13,"column":3}},"4":{"start":{"line":15,"column":2},"end":{"line":15,"column":39}},"5":{"start":{"line":18,"column":0},"end":{"line":18,"column":33}}},"fnMap":{"0":{"name":"createToken","decl":{"start":{"line":4,"column":9},"end":{"line":4,"column":20}},"loc":{"start":{"line":4,"column":27},"end":{"line":16,"column":1}},"line":4}},"branchMap":{"0":{"loc":{"start":{"line":12,"column":13},"end":{"line":12,"column":34}},"type":"binary-expr","locations":[{"start":{"line":12,"column":13},"end":{"line":12,"column":25}},{"start":{"line":12,"column":29},"end":{"line":12,"column":34}}],"line":12}},"s":{"0":6,"1":6,"2":15,"3":15,"4":15,"5":6},"f":{"0":15},"b":{"0":[15,9]},"_coverageSchema":"1a1c01bbd47fc00a2c39e90264f33305004495a9","hash":"798e3d29c94892de8f81600f0bb606780c3c92ab"}
,"F:\\cw_git\\trivia\\backend\\middleware\\auth.js": {"path":"F:\\cw_git\\trivia\\backend\\middleware\\auth.js","statementMap":{"0":{"start":{"line":5,"column":12},"end":{"line":5,"column":35}},"1":{"start":{"line":6,"column":23},"end":{"line":6,"column":43}},"2":{"start":{"line":7,"column":30},"end":{"line":7,"column":56}},"3":{"start":{"line":18,"column":2},"end":{"line":28,"column":3}},"4":{"start":{"line":19,"column":23},"end":{"line":19,"column":63}},"5":{"start":{"line":20,"column":4},"end":{"line":23,"column":5}},"6":{"start":{"line":21,"column":20},"end":{"line":21,"column":64}},"7":{"start":{"line":22,"column":6},"end":{"line":22,"column":54}},"8":{"start":{"line":25,"column":4},"end":{"line":25,"column":18}},"9":{"start":{"line":27,"column":4},"end":{"line":27,"column":18}},"10":{"start":{"line":37,"column":2},"end":{"line":42,"column":3}},"11":{"start":{"line":38,"column":4},"end":{"line":38,"column":56}},"12":{"start":{"line":38,"column":26},"end":{"line":38,"column":56}},"13":{"start":{"line":39,"column":4},"end":{"line":39,"column":18}},"14":{"start":{"line":41,"column":4},"end":{"line":41,"column":21}},"15":{"start":{"line":51,"column":2},"end":{"line":58,"column":3}},"16":{"start":{"line":52,"column":4},"end":{"line":54,"column":5}},"17":{"start":{"line":53,"column":6},"end":{"line":53,"column":36}},"18":{"start":{"line":55,"column":4},"end":{"line":55,"column":18}},"19":{"start":{"line":57,"column":4},"end":{"line":57,"column":21}},"20":{"start":{"line":68,"column":2},"end":{"line":77,"column":3}},"21":{"start":{"line":69,"column":17},"end":{"line":69,"column":32}},"22":{"start":{"line":71,"column":4},"end":{"line":73,"column":5}},"23":{"start":{"line":72,"column":6},"end":{"line":72,"column":36}},"24":{"start":{"line":74,"column":4},"end":{"line":74,"column":18}},"25":{"start":{"line":76,"column":4},"end":{"line":76,"column":21}},"26":{"start":{"line":80,"column":0},"end":{"line":85,"column":2}}},"fnMap":{"0":{"name":"authenticateJWT","decl":{"start":{"line":17,"column":9},"end":{"line":17,"column":24}},"loc":{"start":{"line":17,"column":41},"end":{"line":29,"column":1}},"line":17},"1":{"name":"ensureLoggedIn","decl":{"start":{"line":36,"column":9},"end":{"line":36,"column":23}},"loc":{"start":{"line":36,"column":40},"end":{"line":43,"column":1}},"line":36},"2":{"name":"ensureAdmin","decl":{"start":{"line":50,"column":9},"end":{"line":50,"column":20}},"loc":{"start":{"line":50,"column":37},"end":{"line":59,"column":1}},"line":50},"3":{"name":"ensureCorrectUserOrAdmin","decl":{"start":{"line":67,"column":9},"end":{"line":67,"column":33}},"loc":{"start":{"line":67,"column":50},"end":{"line":78,"column":1}},"line":67}},"branchMap":{"0":{"loc":{"start":{"line":19,"column":23},"end":{"line":19,"column":63}},"type":"binary-expr","locations":[{"start":{"line":19,"column":23},"end":{"line":19,"column":34}},{"start":{"line":19,"column":38},"end":{"line":19,"column":63}}],"line":19},"1":{"loc":{"start":{"line":20,"column":4},"end":{"line":23,"column":5}},"type":"if","locations":[{"start":{"line":20,"column":4},"end":{"line":23,"column":5}},{"start":{},"end":{}}],"line":20},"2":{"loc":{"start":{"line":38,"column":4},"end":{"line":38,"column":56}},"type":"if","locations":[{"start":{"line":38,"column":4},"end":{"line":38,"column":56}},{"start":{},"end":{}}],"line":38},"3":{"loc":{"start":{"line":52,"column":4},"end":{"line":54,"column":5}},"type":"if","locations":[{"start":{"line":52,"column":4},"end":{"line":54,"column":5}},{"start":{},"end":{}}],"line":52},"4":{"loc":{"start":{"line":52,"column":8},"end":{"line":52,"column":52}},"type":"binary-expr","locations":[{"start":{"line":52,"column":8},"end":{"line":52,"column":24}},{"start":{"line":52,"column":28},"end":{"line":52,"column":52}}],"line":52},"5":{"loc":{"start":{"line":71,"column":4},"end":{"line":73,"column":5}},"type":"if","locations":[{"start":{"line":71,"column":4},"end":{"line":73,"column":5}},{"start":{},"end":{}}],"line":71},"6":{"loc":{"start":{"line":71,"column":10},"end":{"line":71,"column":73}},"type":"binary-expr","locations":[{"start":{"line":71,"column":10},"end":{"line":71,"column":14}},{"start":{"line":71,"column":19},"end":{"line":71,"column":31}},{"start":{"line":71,"column":35},"end":{"line":71,"column":72}}],"line":71}},"s":{"0":6,"1":6,"2":6,"3":173,"4":173,"5":173,"6":134,"7":134,"8":172,"9":1,"10":6,"11":6,"12":2,"13":4,"14":2,"15":27,"16":27,"17":12,"18":15,"19":12,"20":131,"21":131,"22":131,"23":43,"24":88,"25":43,"26":6},"f":{"0":173,"1":6,"2":27,"3":131},"b":{"0":[173,172],"1":[134,39],"2":[2,4],"3":[12,15],"4":[27,21],"5":[43,88],"6":[131,109,65]},"_coverageSchema":"1a1c01bbd47fc00a2c39e90264f33305004495a9","hash":"eae147717b29aaf2198fd982b27950b29cd5a2c7"}
,"F:\\cw_git\\trivia\\backend\\models\\user.js": {"path":"F:\\cw_git\\trivia\\backend\\models\\user.js","statementMap":{"0":{"start":{"line":3,"column":11},"end":{"line":3,"column":27}},"1":{"start":{"line":4,"column":15},"end":{"line":4,"column":32}},"2":{"start":{"line":5,"column":15},"end":{"line":5,"column":32}},"3":{"start":{"line":6,"column":32},"end":{"line":6,"column":57}},"4":{"start":{"line":11,"column":4},"end":{"line":11,"column":30}},"5":{"start":{"line":13,"column":31},"end":{"line":13,"column":54}},"6":{"start":{"line":27,"column":19},"end":{"line":38,"column":5}},"7":{"start":{"line":40,"column":17},"end":{"line":40,"column":31}},"8":{"start":{"line":42,"column":4},"end":{"line":49,"column":5}},"9":{"start":{"line":44,"column":22},"end":{"line":44,"column":67}},"10":{"start":{"line":45,"column":6},"end":{"line":48,"column":7}},"11":{"start":{"line":46,"column":8},"end":{"line":46,"column":29}},"12":{"start":{"line":47,"column":8},"end":{"line":47,"column":20}},"13":{"start":{"line":51,"column":4},"end":{"line":51,"column":61}},"14":{"start":{"line":69,"column":27},"end":{"line":74,"column":5}},"15":{"start":{"line":76,"column":4},"end":{"line":78,"column":5}},"16":{"start":{"line":77,"column":6},"end":{"line":77,"column":67}},"17":{"start":{"line":80,"column":27},"end":{"line":80,"column":74}},"18":{"start":{"line":82,"column":23},"end":{"line":93,"column":5}},"19":{"start":{"line":95,"column":17},"end":{"line":95,"column":35}},"20":{"start":{"line":97,"column":4},"end":{"line":102,"column":6}},"21":{"start":{"line":104,"column":4},"end":{"line":109,"column":6}},"22":{"start":{"line":111,"column":4},"end":{"line":111,"column":16}},"23":{"start":{"line":120,"column":19},"end":{"line":129,"column":5}},"24":{"start":{"line":131,"column":4},"end":{"line":131,"column":23}},"25":{"start":{"line":142,"column":20},"end":{"line":152,"column":5}},"26":{"start":{"line":154,"column":17},"end":{"line":154,"column":32}},"27":{"start":{"line":156,"column":4},"end":{"line":156,"column":63}},"28":{"start":{"line":156,"column":15},"end":{"line":156,"column":63}},"29":{"start":{"line":158,"column":4},"end":{"line":158,"column":16}},"30":{"start":{"line":179,"column":4},"end":{"line":181,"column":5}},"31":{"start":{"line":180,"column":6},"end":{"line":180,"column":75}},"32":{"start":{"line":183,"column":32},"end":{"line":187,"column":6}},"33":{"start":{"line":188,"column":27},"end":{"line":188,"column":52}},"34":{"start":{"line":190,"column":21},"end":{"line":197,"column":54}},"35":{"start":{"line":198,"column":19},"end":{"line":198,"column":66}},"36":{"start":{"line":199,"column":17},"end":{"line":199,"column":31}},"37":{"start":{"line":201,"column":4},"end":{"line":201,"column":63}},"38":{"start":{"line":201,"column":15},"end":{"line":201,"column":63}},"39":{"start":{"line":203,"column":4},"end":{"line":203,"column":25}},"40":{"start":{"line":204,"column":4},"end":{"line":204,"column":16}},"41":{"start":{"line":210,"column":17},"end":{"line":216,"column":5}},"42":{"start":{"line":217,"column":17},"end":{"line":217,"column":31}},"43":{"start":{"line":219,"column":4},"end":{"line":219,"column":63}},"44":{"start":{"line":219,"column":15},"end":{"line":219,"column":63}},"45":{"start":{"line":233,"column":22},"end":{"line":237,"column":5}},"46":{"start":{"line":239,"column":4},"end":{"line":240,"column":68}},"47":{"start":{"line":240,"column":6},"end":{"line":240,"column":68}},"48":{"start":{"line":244,"column":20},"end":{"line":249,"column":5}},"49":{"start":{"line":251,"column":20},"end":{"line":257,"column":5}},"50":{"start":{"line":259,"column":26},"end":{"line":259,"column":41}},"51":{"start":{"line":260,"column":24},"end":{"line":260,"column":36}},"52":{"start":{"line":262,"column":4},"end":{"line":262,"column":43}},"53":{"start":{"line":273,"column":22},"end":{"line":277,"column":5}},"54":{"start":{"line":279,"column":4},"end":{"line":280,"column":65}},"55":{"start":{"line":280,"column":6},"end":{"line":280,"column":65}},"56":{"start":{"line":282,"column":27},"end":{"line":287,"column":5}},"57":{"start":{"line":289,"column":4},"end":{"line":291,"column":5}},"58":{"start":{"line":290,"column":6},"end":{"line":290,"column":72}},"59":{"start":{"line":295,"column":19},"end":{"line":300,"column":5}},"60":{"start":{"line":302,"column":22},"end":{"line":302,"column":36}},"61":{"start":{"line":304,"column":4},"end":{"line":304,"column":21}},"62":{"start":{"line":315,"column":24},"end":{"line":320,"column":5}},"63":{"start":{"line":322,"column":4},"end":{"line":324,"column":5}},"64":{"start":{"line":323,"column":6},"end":{"line":323,"column":60}},"65":{"start":{"line":326,"column":19},"end":{"line":331,"column":5}},"66":{"start":{"line":335,"column":4},"end":{"line":350,"column":5}},"67":{"start":{"line":336,"column":29},"end":{"line":336,"column":43}},"68":{"start":{"line":337,"column":21},"end":{"line":341,"column":9}},"69":{"start":{"line":337,"column":45},"end":{"line":341,"column":7}},"70":{"start":{"line":343,"column":6},"end":{"line":343,"column":59}},"71":{"start":{"line":345,"column":6},"end":{"line":349,"column":8}},"72":{"start":{"line":352,"column":4},"end":{"line":352,"column":18}},"73":{"start":{"line":364,"column":22},"end":{"line":368,"column":5}},"74":{"start":{"line":370,"column":4},"end":{"line":371,"column":65}},"75":{"start":{"line":371,"column":6},"end":{"line":371,"column":65}},"76":{"start":{"line":373,"column":27},"end":{"line":378,"column":5}},"77":{"start":{"line":380,"column":4},"end":{"line":382,"column":5}},"78":{"start":{"line":381,"column":6},"end":{"line":381,"column":75}},"79":{"start":{"line":384,"column":24},"end":{"line":388,"column":5}},"80":{"start":{"line":390,"column":4},"end":{"line":392,"column":5}},"81":{"start":{"line":391,"column":6},"end":{"line":391,"column":60}},"82":{"start":{"line":394,"column":4},"end":{"line":396,"column":5}},"83":{"start":{"line":395,"column":6},"end":{"line":395,"column":67}},"84":{"start":{"line":398,"column":19},"end":{"line":403,"column":5}},"85":{"start":{"line":405,"column":19},"end":{"line":405,"column":33}},"86":{"start":{"line":407,"column":4},"end":{"line":409,"column":5}},"87":{"start":{"line":408,"column":6},"end":{"line":408,"column":60}},"88":{"start":{"line":411,"column":4},"end":{"line":411,"column":18}},"89":{"start":{"line":423,"column":22},"end":{"line":427,"column":5}},"90":{"start":{"line":429,"column":4},"end":{"line":430,"column":73}},"91":{"start":{"line":430,"column":6},"end":{"line":430,"column":73}},"92":{"start":{"line":432,"column":24},"end":{"line":436,"column":5}},"93":{"start":{"line":438,"column":4},"end":{"line":440,"column":5}},"94":{"start":{"line":439,"column":6},"end":{"line":439,"column":60}},"95":{"start":{"line":442,"column":4},"end":{"line":444,"column":5}},"96":{"start":{"line":443,"column":6},"end":{"line":443,"column":67}},"97":{"start":{"line":446,"column":19},"end":{"line":451,"column":5}},"98":{"start":{"line":453,"column":4},"end":{"line":453,"column":26}},"99":{"start":{"line":466,"column":19},"end":{"line":471,"column":5}},"100":{"start":{"line":473,"column":21},"end":{"line":473,"column":32}},"101":{"start":{"line":475,"column":4},"end":{"line":477,"column":5}},"102":{"start":{"line":476,"column":6},"end":{"line":476,"column":54}},"103":{"start":{"line":479,"column":4},"end":{"line":479,"column":20}},"104":{"start":{"line":490,"column":24},"end":{"line":495,"column":5}},"105":{"start":{"line":497,"column":4},"end":{"line":499,"column":5}},"106":{"start":{"line":498,"column":6},"end":{"line":498,"column":83}},"107":{"start":{"line":501,"column":25},"end":{"line":501,"column":44}},"108":{"start":{"line":503,"column":19},"end":{"line":509,"column":5}},"109":{"start":{"line":511,"column":24},"end":{"line":511,"column":38}},"110":{"start":{"line":513,"column":4},"end":{"line":513,"column":23}},"111":{"start":{"line":524,"column":19},"end":{"line":529,"column":5}},"112":{"start":{"line":531,"column":19},"end":{"line":531,"column":33}},"113":{"start":{"line":533,"column":4},"end":{"line":535,"column":5}},"114":{"start":{"line":534,"column":6},"end":{"line":534,"column":68}},"115":{"start":{"line":537,"column":4},"end":{"line":537,"column":18}},"116":{"start":{"line":548,"column":24},"end":{"line":550,"column":6}},"117":{"start":{"line":552,"column":4},"end":{"line":554,"column":5}},"118":{"start":{"line":553,"column":6},"end":{"line":553,"column":68}},"119":{"start":{"line":556,"column":24},"end":{"line":559,"column":5}},"120":{"start":{"line":561,"column":4},"end":{"line":563,"column":5}},"121":{"start":{"line":562,"column":6},"end":{"line":562,"column":62}},"122":{"start":{"line":565,"column":25},"end":{"line":565,"column":44}},"123":{"start":{"line":567,"column":19},"end":{"line":572,"column":5}},"124":{"start":{"line":574,"column":24},"end":{"line":574,"column":38}},"125":{"start":{"line":576,"column":4},"end":{"line":576,"column":23}},"126":{"start":{"line":588,"column":22},"end":{"line":592,"column":5}},"127":{"start":{"line":594,"column":4},"end":{"line":595,"column":73}},"128":{"start":{"line":595,"column":6},"end":{"line":595,"column":73}},"129":{"start":{"line":597,"column":19},"end":{"line":602,"column":5}},"130":{"start":{"line":604,"column":26},"end":{"line":604,"column":40}},"131":{"start":{"line":606,"column":4},"end":{"line":608,"column":5}},"132":{"start":{"line":607,"column":6},"end":{"line":607,"column":68}},"133":{"start":{"line":610,"column":4},"end":{"line":610,"column":25}},"134":{"start":{"line":619,"column":4},"end":{"line":643,"column":5}},"135":{"start":{"line":620,"column":6},"end":{"line":620,"column":42}},"136":{"start":{"line":621,"column":6},"end":{"line":621,"column":21}},"137":{"start":{"line":622,"column":11},"end":{"line":643,"column":5}},"138":{"start":{"line":623,"column":6},"end":{"line":623,"column":51}},"139":{"start":{"line":624,"column":6},"end":{"line":624,"column":21}},"140":{"start":{"line":625,"column":11},"end":{"line":643,"column":5}},"141":{"start":{"line":626,"column":6},"end":{"line":626,"column":51}},"142":{"start":{"line":627,"column":6},"end":{"line":627,"column":21}},"143":{"start":{"line":628,"column":11},"end":{"line":643,"column":5}},"144":{"start":{"line":629,"column":6},"end":{"line":629,"column":51}},"145":{"start":{"line":630,"column":6},"end":{"line":630,"column":21}},"146":{"start":{"line":631,"column":11},"end":{"line":643,"column":5}},"147":{"start":{"line":632,"column":6},"end":{"line":632,"column":51}},"148":{"start":{"line":633,"column":6},"end":{"line":633,"column":21}},"149":{"start":{"line":634,"column":11},"end":{"line":643,"column":5}},"150":{"start":{"line":635,"column":6},"end":{"line":635,"column":51}},"151":{"start":{"line":636,"column":6},"end":{"line":636,"column":21}},"152":{"start":{"line":637,"column":11},"end":{"line":643,"column":5}},"153":{"start":{"line":638,"column":6},"end":{"line":638,"column":52}},"154":{"start":{"line":639,"column":6},"end":{"line":639,"column":21}},"155":{"start":{"line":640,"column":11},"end":{"line":643,"column":5}},"156":{"start":{"line":641,"column":6},"end":{"line":641,"column":52}},"157":{"start":{"line":642,"column":6},"end":{"line":642,"column":21}},"158":{"start":{"line":645,"column":4},"end":{"line":645,"column":38}},"159":{"start":{"line":656,"column":19},"end":{"line":665,"column":5}},"160":{"start":{"line":667,"column":22},"end":{"line":667,"column":36}},"161":{"start":{"line":669,"column":4},"end":{"line":669,"column":68}},"162":{"start":{"line":669,"column":20},"end":{"line":669,"column":68}},"163":{"start":{"line":671,"column":37},"end":{"line":671,"column":75}},"164":{"start":{"line":672,"column":4},"end":{"line":672,"column":42}},"165":{"start":{"line":673,"column":4},"end":{"line":673,"column":34}},"166":{"start":{"line":675,"column":4},"end":{"line":675,"column":21}},"167":{"start":{"line":686,"column":22},"end":{"line":691,"column":5}},"168":{"start":{"line":693,"column":4},"end":{"line":693,"column":82}},"169":{"start":{"line":693,"column":28},"end":{"line":693,"column":82}},"170":{"start":{"line":695,"column":54},"end":{"line":695,"column":71}},"171":{"start":{"line":697,"column":4},"end":{"line":697,"column":24}},"172":{"start":{"line":698,"column":4},"end":{"line":698,"column":24}},"173":{"start":{"line":700,"column":4},"end":{"line":724,"column":5}},"174":{"start":{"line":701,"column":6},"end":{"line":701,"column":43}},"175":{"start":{"line":702,"column":6},"end":{"line":702,"column":23}},"176":{"start":{"line":703,"column":11},"end":{"line":724,"column":5}},"177":{"start":{"line":704,"column":6},"end":{"line":704,"column":52}},"178":{"start":{"line":705,"column":6},"end":{"line":705,"column":27}},"179":{"start":{"line":706,"column":11},"end":{"line":724,"column":5}},"180":{"start":{"line":707,"column":6},"end":{"line":707,"column":53}},"181":{"start":{"line":708,"column":6},"end":{"line":708,"column":20}},"182":{"start":{"line":709,"column":11},"end":{"line":724,"column":5}},"183":{"start":{"line":710,"column":6},"end":{"line":710,"column":53}},"184":{"start":{"line":711,"column":6},"end":{"line":711,"column":20}},"185":{"start":{"line":712,"column":11},"end":{"line":724,"column":5}},"186":{"start":{"line":713,"column":6},"end":{"line":713,"column":53}},"187":{"start":{"line":714,"column":6},"end":{"line":714,"column":24}},"188":{"start":{"line":715,"column":11},"end":{"line":724,"column":5}},"189":{"start":{"line":716,"column":6},"end":{"line":716,"column":53}},"190":{"start":{"line":717,"column":6},"end":{"line":717,"column":26}},"191":{"start":{"line":718,"column":11},"end":{"line":724,"column":5}},"192":{"start":{"line":719,"column":6},"end":{"line":719,"column":54}},"193":{"start":{"line":720,"column":6},"end":{"line":720,"column":21}},"194":{"start":{"line":721,"column":11},"end":{"line":724,"column":5}},"195":{"start":{"line":722,"column":6},"end":{"line":722,"column":54}},"196":{"start":{"line":723,"column":6},"end":{"line":723,"column":21}},"197":{"start":{"line":726,"column":19},"end":{"line":732,"column":5}},"198":{"start":{"line":734,"column":22},"end":{"line":734,"column":36}},"199":{"start":{"line":736,"column":37},"end":{"line":736,"column":75}},"200":{"start":{"line":737,"column":4},"end":{"line":737,"column":42}},"201":{"start":{"line":738,"column":4},"end":{"line":738,"column":34}},"202":{"start":{"line":740,"column":4},"end":{"line":740,"column":26}},"203":{"start":{"line":751,"column":22},"end":{"line":755,"column":5}},"204":{"start":{"line":757,"column":4},"end":{"line":758,"column":68}},"205":{"start":{"line":758,"column":6},"end":{"line":758,"column":68}},"206":{"start":{"line":760,"column":19},"end":{"line":766,"column":5}},"207":{"start":{"line":768,"column":4},"end":{"line":768,"column":35}},"208":{"start":{"line":768,"column":25},"end":{"line":768,"column":35}},"209":{"start":{"line":770,"column":31},"end":{"line":774,"column":7}},"210":{"start":{"line":770,"column":55},"end":{"line":774,"column":5}},"211":{"start":{"line":776,"column":4},"end":{"line":776,"column":30}},"212":{"start":{"line":787,"column":22},"end":{"line":791,"column":5}},"213":{"start":{"line":793,"column":4},"end":{"line":793,"column":87}},"214":{"start":{"line":793,"column":28},"end":{"line":793,"column":87}},"215":{"start":{"line":795,"column":32},"end":{"line":800,"column":5}},"216":{"start":{"line":802,"column":4},"end":{"line":804,"column":5}},"217":{"start":{"line":803,"column":6},"end":{"line":803,"column":55}},"218":{"start":{"line":806,"column":21},"end":{"line":806,"column":31}},"219":{"start":{"line":808,"column":19},"end":{"line":814,"column":5}},"220":{"start":{"line":816,"column":4},"end":{"line":816,"column":26}},"221":{"start":{"line":831,"column":22},"end":{"line":835,"column":5}},"222":{"start":{"line":837,"column":4},"end":{"line":838,"column":68}},"223":{"start":{"line":838,"column":6},"end":{"line":838,"column":68}},"224":{"start":{"line":840,"column":16},"end":{"line":842,"column":61}},"225":{"start":{"line":844,"column":16},"end":{"line":844,"column":17}},"226":{"start":{"line":845,"column":19},"end":{"line":845,"column":43}},"227":{"start":{"line":846,"column":21},"end":{"line":846,"column":57}},"228":{"start":{"line":847,"column":20},"end":{"line":847,"column":30}},"229":{"start":{"line":849,"column":4},"end":{"line":853,"column":5}},"230":{"start":{"line":850,"column":6},"end":{"line":850,"column":14}},"231":{"start":{"line":851,"column":6},"end":{"line":851,"column":44}},"232":{"start":{"line":852,"column":6},"end":{"line":852,"column":31}},"233":{"start":{"line":855,"column":4},"end":{"line":859,"column":5}},"234":{"start":{"line":856,"column":6},"end":{"line":856,"column":14}},"235":{"start":{"line":857,"column":6},"end":{"line":857,"column":50}},"236":{"start":{"line":858,"column":6},"end":{"line":858,"column":33}},"237":{"start":{"line":861,"column":4},"end":{"line":861,"column":35}},"238":{"start":{"line":863,"column":19},"end":{"line":863,"column":51}},"239":{"start":{"line":866,"column":4},"end":{"line":866,"column":34}},"240":{"start":{"line":866,"column":25},"end":{"line":866,"column":34}},"241":{"start":{"line":868,"column":22},"end":{"line":868,"column":33}},"242":{"start":{"line":870,"column":31},"end":{"line":876,"column":7}},"243":{"start":{"line":870,"column":53},"end":{"line":876,"column":5}},"244":{"start":{"line":878,"column":4},"end":{"line":878,"column":30}},"245":{"start":{"line":890,"column":21},"end":{"line":893,"column":5}},"246":{"start":{"line":895,"column":4},"end":{"line":895,"column":83}},"247":{"start":{"line":895,"column":27},"end":{"line":895,"column":83}},"248":{"start":{"line":897,"column":31},"end":{"line":897,"column":47}},"249":{"start":{"line":899,"column":22},"end":{"line":902,"column":5}},"250":{"start":{"line":904,"column":4},"end":{"line":904,"column":88}},"251":{"start":{"line":904,"column":28},"end":{"line":904,"column":88}},"252":{"start":{"line":906,"column":37},"end":{"line":906,"column":54}},"253":{"start":{"line":908,"column":22},"end":{"line":912,"column":5}},"254":{"start":{"line":914,"column":4},"end":{"line":915,"column":65}},"255":{"start":{"line":915,"column":6},"end":{"line":915,"column":65}},"256":{"start":{"line":917,"column":24},"end":{"line":922,"column":5}},"257":{"start":{"line":926,"column":4},"end":{"line":931,"column":5}},"258":{"start":{"line":927,"column":6},"end":{"line":927,"column":20}},"259":{"start":{"line":929,"column":25},"end":{"line":929,"column":44}},"260":{"start":{"line":930,"column":6},"end":{"line":930,"column":25}},"261":{"start":{"line":933,"column":21},"end":{"line":933,"column":31}},"262":{"start":{"line":937,"column":4},"end":{"line":960,"column":5}},"263":{"start":{"line":938,"column":6},"end":{"line":949,"column":8}},"264":{"start":{"line":950,"column":11},"end":{"line":960,"column":5}},"265":{"start":{"line":951,"column":6},"end":{"line":957,"column":8}},"266":{"start":{"line":959,"column":6},"end":{"line":959,"column":84}},"267":{"start":{"line":962,"column":4},"end":{"line":962,"column":26}},"268":{"start":{"line":973,"column":16},"end":{"line":977,"column":44}},"269":{"start":{"line":979,"column":16},"end":{"line":979,"column":17}},"270":{"start":{"line":980,"column":19},"end":{"line":980,"column":21}},"271":{"start":{"line":981,"column":21},"end":{"line":981,"column":57}},"272":{"start":{"line":982,"column":20},"end":{"line":982,"column":22}},"273":{"start":{"line":984,"column":4},"end":{"line":988,"column":5}},"274":{"start":{"line":985,"column":6},"end":{"line":985,"column":14}},"275":{"start":{"line":986,"column":6},"end":{"line":986,"column":46}},"276":{"start":{"line":987,"column":6},"end":{"line":987,"column":31}},"277":{"start":{"line":990,"column":4},"end":{"line":994,"column":5}},"278":{"start":{"line":991,"column":6},"end":{"line":991,"column":14}},"279":{"start":{"line":992,"column":6},"end":{"line":992,"column":50}},"280":{"start":{"line":993,"column":6},"end":{"line":993,"column":33}},"281":{"start":{"line":996,"column":4},"end":{"line":996,"column":35}},"282":{"start":{"line":998,"column":19},"end":{"line":998,"column":51}},"283":{"start":{"line":1001,"column":4},"end":{"line":1001,"column":34}},"284":{"start":{"line":1001,"column":25},"end":{"line":1001,"column":34}},"285":{"start":{"line":1003,"column":22},"end":{"line":1003,"column":33}},"286":{"start":{"line":1005,"column":31},"end":{"line":1012,"column":7}},"287":{"start":{"line":1005,"column":53},"end":{"line":1012,"column":5}},"288":{"start":{"line":1014,"column":4},"end":{"line":1014,"column":30}},"289":{"start":{"line":1032,"column":21},"end":{"line":1035,"column":5}},"290":{"start":{"line":1037,"column":4},"end":{"line":1038,"column":62}},"291":{"start":{"line":1038,"column":6},"end":{"line":1038,"column":62}},"292":{"start":{"line":1040,"column":31},"end":{"line":1040,"column":47}},"293":{"start":{"line":1042,"column":22},"end":{"line":1045,"column":5}},"294":{"start":{"line":1047,"column":4},"end":{"line":1048,"column":66}},"295":{"start":{"line":1048,"column":6},"end":{"line":1048,"column":66}},"296":{"start":{"line":1050,"column":37},"end":{"line":1050,"column":54}},"297":{"start":{"line":1052,"column":22},"end":{"line":1055,"column":5}},"298":{"start":{"line":1057,"column":4},"end":{"line":1058,"column":65}},"299":{"start":{"line":1058,"column":6},"end":{"line":1058,"column":65}},"300":{"start":{"line":1060,"column":24},"end":{"line":1065,"column":5}},"301":{"start":{"line":1071,"column":4},"end":{"line":1076,"column":5}},"302":{"start":{"line":1072,"column":6},"end":{"line":1072,"column":20}},"303":{"start":{"line":1074,"column":25},"end":{"line":1074,"column":44}},"304":{"start":{"line":1075,"column":6},"end":{"line":1075,"column":25}},"305":{"start":{"line":1078,"column":21},"end":{"line":1078,"column":31}},"306":{"start":{"line":1082,"column":4},"end":{"line":1105,"column":5}},"307":{"start":{"line":1083,"column":6},"end":{"line":1094,"column":8}},"308":{"start":{"line":1095,"column":11},"end":{"line":1105,"column":5}},"309":{"start":{"line":1096,"column":6},"end":{"line":1102,"column":8}},"310":{"start":{"line":1104,"column":6},"end":{"line":1104,"column":84}},"311":{"start":{"line":1107,"column":4},"end":{"line":1107,"column":26}},"312":{"start":{"line":1120,"column":22},"end":{"line":1124,"column":5}},"313":{"start":{"line":1126,"column":4},"end":{"line":1127,"column":68}},"314":{"start":{"line":1127,"column":6},"end":{"line":1127,"column":68}},"315":{"start":{"line":1129,"column":16},"end":{"line":1135,"column":31}},"316":{"start":{"line":1137,"column":20},"end":{"line":1137,"column":30}},"317":{"start":{"line":1139,"column":4},"end":{"line":1141,"column":5}},"318":{"start":{"line":1140,"column":6},"end":{"line":1140,"column":33}},"319":{"start":{"line":1143,"column":19},"end":{"line":1143,"column":51}},"320":{"start":{"line":1145,"column":4},"end":{"line":1145,"column":35}},"321":{"start":{"line":1145,"column":25},"end":{"line":1145,"column":35}},"322":{"start":{"line":1147,"column":25},"end":{"line":1147,"column":36}},"323":{"start":{"line":1149,"column":34},"end":{"line":1156,"column":7}},"324":{"start":{"line":1149,"column":69},"end":{"line":1156,"column":5}},"325":{"start":{"line":1158,"column":4},"end":{"line":1158,"column":33}},"326":{"start":{"line":1177,"column":22},"end":{"line":1181,"column":5}},"327":{"start":{"line":1183,"column":4},"end":{"line":1184,"column":60}},"328":{"start":{"line":1184,"column":6},"end":{"line":1184,"column":60}},"329":{"start":{"line":1186,"column":25},"end":{"line":1190,"column":5}},"330":{"start":{"line":1192,"column":4},"end":{"line":1192,"column":77}},"331":{"start":{"line":1192,"column":30},"end":{"line":1192,"column":77}},"332":{"start":{"line":1194,"column":21},"end":{"line":1197,"column":5}},"333":{"start":{"line":1199,"column":4},"end":{"line":1199,"column":83}},"334":{"start":{"line":1199,"column":27},"end":{"line":1199,"column":83}},"335":{"start":{"line":1201,"column":31},"end":{"line":1201,"column":47}},"336":{"start":{"line":1204,"column":22},"end":{"line":1207,"column":5}},"337":{"start":{"line":1209,"column":4},"end":{"line":1209,"column":88}},"338":{"start":{"line":1209,"column":28},"end":{"line":1209,"column":88}},"339":{"start":{"line":1211,"column":39},"end":{"line":1211,"column":56}},"340":{"start":{"line":1214,"column":21},"end":{"line":1214,"column":31}},"341":{"start":{"line":1216,"column":19},"end":{"line":1228,"column":5}},"342":{"start":{"line":1230,"column":4},"end":{"line":1230,"column":44}},"343":{"start":{"line":1231,"column":4},"end":{"line":1231,"column":41}},"344":{"start":{"line":1233,"column":4},"end":{"line":1233,"column":26}},"345":{"start":{"line":1244,"column":25},"end":{"line":1244,"column":27}},"346":{"start":{"line":1246,"column":19},"end":{"line":1252,"column":5}},"347":{"start":{"line":1254,"column":21},"end":{"line":1254,"column":32}},"348":{"start":{"line":1256,"column":4},"end":{"line":1258,"column":5}},"349":{"start":{"line":1257,"column":6},"end":{"line":1257,"column":47}},"350":{"start":{"line":1268,"column":19},"end":{"line":1273,"column":5}},"351":{"start":{"line":1275,"column":4},"end":{"line":1275,"column":77}},"352":{"start":{"line":1275,"column":25},"end":{"line":1275,"column":77}},"353":{"start":{"line":1277,"column":4},"end":{"line":1277,"column":26}},"354":{"start":{"line":1288,"column":22},"end":{"line":1292,"column":5}},"355":{"start":{"line":1294,"column":4},"end":{"line":1295,"column":68}},"356":{"start":{"line":1295,"column":6},"end":{"line":1295,"column":68}},"357":{"start":{"line":1297,"column":16},"end":{"line":1299,"column":61}},"358":{"start":{"line":1301,"column":16},"end":{"line":1301,"column":17}},"359":{"start":{"line":1302,"column":19},"end":{"line":1302,"column":43}},"360":{"start":{"line":1303,"column":21},"end":{"line":1303,"column":57}},"361":{"start":{"line":1304,"column":20},"end":{"line":1304,"column":30}},"362":{"start":{"line":1306,"column":4},"end":{"line":1310,"column":5}},"363":{"start":{"line":1307,"column":6},"end":{"line":1307,"column":14}},"364":{"start":{"line":1308,"column":6},"end":{"line":1308,"column":44}},"365":{"start":{"line":1309,"column":6},"end":{"line":1309,"column":31}},"366":{"start":{"line":1312,"column":4},"end":{"line":1316,"column":5}},"367":{"start":{"line":1313,"column":6},"end":{"line":1313,"column":14}},"368":{"start":{"line":1314,"column":6},"end":{"line":1314,"column":50}},"369":{"start":{"line":1315,"column":6},"end":{"line":1315,"column":33}},"370":{"start":{"line":1318,"column":4},"end":{"line":1318,"column":35}},"371":{"start":{"line":1320,"column":19},"end":{"line":1320,"column":51}},"372":{"start":{"line":1322,"column":25},"end":{"line":1322,"column":36}},"373":{"start":{"line":1324,"column":4},"end":{"line":1329,"column":8}},"374":{"start":{"line":1325,"column":6},"end":{"line":1329,"column":8}},"375":{"start":{"line":1331,"column":4},"end":{"line":1331,"column":24}},"376":{"start":{"line":1348,"column":22},"end":{"line":1352,"column":5}},"377":{"start":{"line":1354,"column":4},"end":{"line":1355,"column":65}},"378":{"start":{"line":1355,"column":6},"end":{"line":1355,"column":65}},"379":{"start":{"line":1357,"column":21},"end":{"line":1360,"column":5}},"380":{"start":{"line":1362,"column":4},"end":{"line":1362,"column":83}},"381":{"start":{"line":1362,"column":27},"end":{"line":1362,"column":83}},"382":{"start":{"line":1364,"column":31},"end":{"line":1364,"column":47}},"383":{"start":{"line":1367,"column":22},"end":{"line":1370,"column":5}},"384":{"start":{"line":1372,"column":4},"end":{"line":1372,"column":88}},"385":{"start":{"line":1372,"column":28},"end":{"line":1372,"column":88}},"386":{"start":{"line":1374,"column":37},"end":{"line":1374,"column":54}},"387":{"start":{"line":1377,"column":28},"end":{"line":1382,"column":5}},"388":{"start":{"line":1386,"column":4},"end":{"line":1391,"column":5}},"389":{"start":{"line":1387,"column":6},"end":{"line":1387,"column":23}},"390":{"start":{"line":1389,"column":25},"end":{"line":1389,"column":48}},"391":{"start":{"line":1390,"column":6},"end":{"line":1390,"column":28}},"392":{"start":{"line":1395,"column":4},"end":{"line":1417,"column":5}},"393":{"start":{"line":1396,"column":6},"end":{"line":1396,"column":32}},"394":{"start":{"line":1398,"column":6},"end":{"line":1407,"column":8}},"395":{"start":{"line":1409,"column":6},"end":{"line":1409,"column":32}},"396":{"start":{"line":1410,"column":6},"end":{"line":1416,"column":8}},"397":{"start":{"line":1419,"column":4},"end":{"line":1419,"column":26}},"398":{"start":{"line":1426,"column":0},"end":{"line":1426,"column":22}}},"fnMap":{"0":{"name":"(anonymous_0)","decl":{"start":{"line":25,"column":2},"end":{"line":25,"column":3}},"loc":{"start":{"line":25,"column":48},"end":{"line":52,"column":3}},"line":25},"1":{"name":"(anonymous_1)","decl":{"start":{"line":61,"column":2},"end":{"line":61,"column":3}},"loc":{"start":{"line":68,"column":5},"end":{"line":112,"column":3}},"line":68},"2":{"name":"(anonymous_2)","decl":{"start":{"line":119,"column":2},"end":{"line":119,"column":3}},"loc":{"start":{"line":119,"column":25},"end":{"line":132,"column":3}},"line":119},"3":{"name":"(anonymous_3)","decl":{"start":{"line":141,"column":2},"end":{"line":141,"column":3}},"loc":{"start":{"line":141,"column":29},"end":{"line":159,"column":3}},"line":141},"4":{"name":"(anonymous_4)","decl":{"start":{"line":178,"column":2},"end":{"line":178,"column":3}},"loc":{"start":{"line":178,"column":38},"end":{"line":205,"column":3}},"line":178},"5":{"name":"(anonymous_5)","decl":{"start":{"line":209,"column":2},"end":{"line":209,"column":3}},"loc":{"start":{"line":209,"column":32},"end":{"line":220,"column":3}},"line":209},"6":{"name":"(anonymous_6)","decl":{"start":{"line":231,"column":2},"end":{"line":231,"column":3}},"loc":{"start":{"line":231,"column":39},"end":{"line":263,"column":3}},"line":231},"7":{"name":"(anonymous_7)","decl":{"start":{"line":272,"column":2},"end":{"line":272,"column":3}},"loc":{"start":{"line":272,"column":52},"end":{"line":305,"column":3}},"line":272},"8":{"name":"(anonymous_8)","decl":{"start":{"line":314,"column":2},"end":{"line":314,"column":3}},"loc":{"start":{"line":314,"column":41},"end":{"line":353,"column":3}},"line":314},"9":{"name":"(anonymous_9)","decl":{"start":{"line":337,"column":37},"end":{"line":337,"column":38}},"loc":{"start":{"line":337,"column":45},"end":{"line":341,"column":7}},"line":337},"10":{"name":"(anonymous_10)","decl":{"start":{"line":362,"column":2},"end":{"line":362,"column":3}},"loc":{"start":{"line":362,"column":65},"end":{"line":412,"column":3}},"line":362},"11":{"name":"(anonymous_11)","decl":{"start":{"line":421,"column":2},"end":{"line":421,"column":3}},"loc":{"start":{"line":421,"column":48},"end":{"line":454,"column":3}},"line":421},"12":{"name":"(anonymous_12)","decl":{"start":{"line":465,"column":2},"end":{"line":465,"column":3}},"loc":{"start":{"line":465,"column":35},"end":{"line":480,"column":3}},"line":465},"13":{"name":"(anonymous_13)","decl":{"start":{"line":489,"column":2},"end":{"line":489,"column":3}},"loc":{"start":{"line":489,"column":66},"end":{"line":514,"column":3}},"line":489},"14":{"name":"(anonymous_14)","decl":{"start":{"line":523,"column":2},"end":{"line":523,"column":3}},"loc":{"start":{"line":523,"column":35},"end":{"line":538,"column":3}},"line":523},"15":{"name":"(anonymous_15)","decl":{"start":{"line":547,"column":2},"end":{"line":547,"column":3}},"loc":{"start":{"line":547,"column":58},"end":{"line":577,"column":3}},"line":547},"16":{"name":"(anonymous_16)","decl":{"start":{"line":586,"column":2},"end":{"line":586,"column":3}},"loc":{"start":{"line":586,"column":48},"end":{"line":611,"column":3}},"line":586},"17":{"name":"(anonymous_17)","decl":{"start":{"line":615,"column":2},"end":{"line":615,"column":3}},"loc":{"start":{"line":615,"column":33},"end":{"line":646,"column":3}},"line":615},"18":{"name":"(anonymous_18)","decl":{"start":{"line":655,"column":2},"end":{"line":655,"column":3}},"loc":{"start":{"line":655,"column":34},"end":{"line":676,"column":3}},"line":655},"19":{"name":"(anonymous_19)","decl":{"start":{"line":685,"column":2},"end":{"line":685,"column":3}},"loc":{"start":{"line":685,"column":47},"end":{"line":741,"column":3}},"line":685},"20":{"name":"(anonymous_20)","decl":{"start":{"line":750,"column":2},"end":{"line":750,"column":3}},"loc":{"start":{"line":750,"column":35},"end":{"line":777,"column":3}},"line":750},"21":{"name":"(anonymous_21)","decl":{"start":{"line":770,"column":47},"end":{"line":770,"column":48}},"loc":{"start":{"line":770,"column":55},"end":{"line":774,"column":5}},"line":770},"22":{"name":"(anonymous_22)","decl":{"start":{"line":785,"column":2},"end":{"line":785,"column":3}},"loc":{"start":{"line":785,"column":44},"end":{"line":817,"column":3}},"line":785},"23":{"name":"(anonymous_23)","decl":{"start":{"line":829,"column":2},"end":{"line":829,"column":3}},"loc":{"start":{"line":829,"column":57},"end":{"line":879,"column":3}},"line":829},"24":{"name":"(anonymous_24)","decl":{"start":{"line":870,"column":45},"end":{"line":870,"column":46}},"loc":{"start":{"line":870,"column":53},"end":{"line":876,"column":5}},"line":870},"25":{"name":"(anonymous_25)","decl":{"start":{"line":889,"column":2},"end":{"line":889,"column":3}},"loc":{"start":{"line":889,"column":76},"end":{"line":963,"column":3}},"line":889},"26":{"name":"(anonymous_26)","decl":{"start":{"line":972,"column":2},"end":{"line":972,"column":3}},"loc":{"start":{"line":972,"column":58},"end":{"line":1015,"column":3}},"line":972},"27":{"name":"(anonymous_27)","decl":{"start":{"line":1005,"column":45},"end":{"line":1005,"column":46}},"loc":{"start":{"line":1005,"column":53},"end":{"line":1012,"column":5}},"line":1005},"28":{"name":"(anonymous_28)","decl":{"start":{"line":1025,"column":2},"end":{"line":1025,"column":3}},"loc":{"start":{"line":1031,"column":5},"end":{"line":1108,"column":3}},"line":1031},"29":{"name":"(anonymous_29)","decl":{"start":{"line":1119,"column":2},"end":{"line":1119,"column":3}},"loc":{"start":{"line":1119,"column":44},"end":{"line":1159,"column":3}},"line":1119},"30":{"name":"(anonymous_30)","decl":{"start":{"line":1149,"column":51},"end":{"line":1149,"column":52}},"loc":{"start":{"line":1149,"column":69},"end":{"line":1156,"column":5}},"line":1149},"31":{"name":"(anonymous_31)","decl":{"start":{"line":1169,"column":2},"end":{"line":1169,"column":3}},"loc":{"start":{"line":1176,"column":5},"end":{"line":1234,"column":3}},"line":1176},"32":{"name":"(anonymous_32)","decl":{"start":{"line":1243,"column":2},"end":{"line":1243,"column":3}},"loc":{"start":{"line":1243,"column":41},"end":{"line":1259,"column":3}},"line":1243},"33":{"name":"(anonymous_33)","decl":{"start":{"line":1267,"column":2},"end":{"line":1267,"column":3}},"loc":{"start":{"line":1267,"column":33},"end":{"line":1278,"column":3}},"line":1267},"34":{"name":"(anonymous_34)","decl":{"start":{"line":1287,"column":2},"end":{"line":1287,"column":3}},"loc":{"start":{"line":1287,"column":63},"end":{"line":1332,"column":3}},"line":1287},"35":{"name":"(anonymous_35)","decl":{"start":{"line":1341,"column":2},"end":{"line":1341,"column":3}},"loc":{"start":{"line":1346,"column":5},"end":{"line":1420,"column":3}},"line":1346}},"branchMap":{"0":{"loc":{"start":{"line":42,"column":4},"end":{"line":49,"column":5}},"type":"if","locations":[{"start":{"line":42,"column":4},"end":{"line":49,"column":5}},{"start":{},"end":{}}],"line":42},"1":{"loc":{"start":{"line":45,"column":6},"end":{"line":48,"column":7}},"type":"if","locations":[{"start":{"line":45,"column":6},"end":{"line":48,"column":7}},{"start":{},"end":{}}],"line":45},"2":{"loc":{"start":{"line":76,"column":4},"end":{"line":78,"column":5}},"type":"if","locations":[{"start":{"line":76,"column":4},"end":{"line":78,"column":5}},{"start":{},"end":{}}],"line":76},"3":{"loc":{"start":{"line":156,"column":4},"end":{"line":156,"column":63}},"type":"if","locations":[{"start":{"line":156,"column":4},"end":{"line":156,"column":63}},{"start":{},"end":{}}],"line":156},"4":{"loc":{"start":{"line":179,"column":4},"end":{"line":181,"column":5}},"type":"if","locations":[{"start":{"line":179,"column":4},"end":{"line":181,"column":5}},{"start":{},"end":{}}],"line":179},"5":{"loc":{"start":{"line":201,"column":4},"end":{"line":201,"column":63}},"type":"if","locations":[{"start":{"line":201,"column":4},"end":{"line":201,"column":63}},{"start":{},"end":{}}],"line":201},"6":{"loc":{"start":{"line":219,"column":4},"end":{"line":219,"column":63}},"type":"if","locations":[{"start":{"line":219,"column":4},"end":{"line":219,"column":63}},{"start":{},"end":{}}],"line":219},"7":{"loc":{"start":{"line":239,"column":4},"end":{"line":240,"column":68}},"type":"if","locations":[{"start":{"line":239,"column":4},"end":{"line":240,"column":68}},{"start":{},"end":{}}],"line":239},"8":{"loc":{"start":{"line":279,"column":4},"end":{"line":280,"column":65}},"type":"if","locations":[{"start":{"line":279,"column":4},"end":{"line":280,"column":65}},{"start":{},"end":{}}],"line":279},"9":{"loc":{"start":{"line":289,"column":4},"end":{"line":291,"column":5}},"type":"if","locations":[{"start":{"line":289,"column":4},"end":{"line":291,"column":5}},{"start":{},"end":{}}],"line":289},"10":{"loc":{"start":{"line":322,"column":4},"end":{"line":324,"column":5}},"type":"if","locations":[{"start":{"line":322,"column":4},"end":{"line":324,"column":5}},{"start":{},"end":{}}],"line":322},"11":{"loc":{"start":{"line":335,"column":4},"end":{"line":350,"column":5}},"type":"if","locations":[{"start":{"line":335,"column":4},"end":{"line":350,"column":5}},{"start":{"line":344,"column":11},"end":{"line":350,"column":5}}],"line":335},"12":{"loc":{"start":{"line":370,"column":4},"end":{"line":371,"column":65}},"type":"if","locations":[{"start":{"line":370,"column":4},"end":{"line":371,"column":65}},{"start":{},"end":{}}],"line":370},"13":{"loc":{"start":{"line":380,"column":4},"end":{"line":382,"column":5}},"type":"if","locations":[{"start":{"line":380,"column":4},"end":{"line":382,"column":5}},{"start":{},"end":{}}],"line":380},"14":{"loc":{"start":{"line":390,"column":4},"end":{"line":392,"column":5}},"type":"if","locations":[{"start":{"line":390,"column":4},"end":{"line":392,"column":5}},{"start":{},"end":{}}],"line":390},"15":{"loc":{"start":{"line":394,"column":4},"end":{"line":396,"column":5}},"type":"if","locations":[{"start":{"line":394,"column":4},"end":{"line":396,"column":5}},{"start":{},"end":{}}],"line":394},"16":{"loc":{"start":{"line":407,"column":4},"end":{"line":409,"column":5}},"type":"if","locations":[{"start":{"line":407,"column":4},"end":{"line":409,"column":5}},{"start":{},"end":{}}],"line":407},"17":{"loc":{"start":{"line":429,"column":4},"end":{"line":430,"column":73}},"type":"if","locations":[{"start":{"line":429,"column":4},"end":{"line":430,"column":73}},{"start":{},"end":{}}],"line":429},"18":{"loc":{"start":{"line":438,"column":4},"end":{"line":440,"column":5}},"type":"if","locations":[{"start":{"line":438,"column":4},"end":{"line":440,"column":5}},{"start":{},"end":{}}],"line":438},"19":{"loc":{"start":{"line":442,"column":4},"end":{"line":444,"column":5}},"type":"if","locations":[{"start":{"line":442,"column":4},"end":{"line":444,"column":5}},{"start":{},"end":{}}],"line":442},"20":{"loc":{"start":{"line":475,"column":4},"end":{"line":477,"column":5}},"type":"if","locations":[{"start":{"line":475,"column":4},"end":{"line":477,"column":5}},{"start":{},"end":{}}],"line":475},"21":{"loc":{"start":{"line":497,"column":4},"end":{"line":499,"column":5}},"type":"if","locations":[{"start":{"line":497,"column":4},"end":{"line":499,"column":5}},{"start":{},"end":{}}],"line":497},"22":{"loc":{"start":{"line":533,"column":4},"end":{"line":535,"column":5}},"type":"if","locations":[{"start":{"line":533,"column":4},"end":{"line":535,"column":5}},{"start":{},"end":{}}],"line":533},"23":{"loc":{"start":{"line":552,"column":4},"end":{"line":554,"column":5}},"type":"if","locations":[{"start":{"line":552,"column":4},"end":{"line":554,"column":5}},{"start":{},"end":{}}],"line":552},"24":{"loc":{"start":{"line":561,"column":4},"end":{"line":563,"column":5}},"type":"if","locations":[{"start":{"line":561,"column":4},"end":{"line":563,"column":5}},{"start":{},"end":{}}],"line":561},"25":{"loc":{"start":{"line":594,"column":4},"end":{"line":595,"column":73}},"type":"if","locations":[{"start":{"line":594,"column":4},"end":{"line":595,"column":73}},{"start":{},"end":{}}],"line":594},"26":{"loc":{"start":{"line":606,"column":4},"end":{"line":608,"column":5}},"type":"if","locations":[{"start":{"line":606,"column":4},"end":{"line":608,"column":5}},{"start":{},"end":{}}],"line":606},"27":{"loc":{"start":{"line":619,"column":4},"end":{"line":643,"column":5}},"type":"if","locations":[{"start":{"line":619,"column":4},"end":{"line":643,"column":5}},{"start":{"line":622,"column":11},"end":{"line":643,"column":5}}],"line":619},"28":{"loc":{"start":{"line":619,"column":8},"end":{"line":619,"column":37}},"type":"binary-expr","locations":[{"start":{"line":619,"column":8},"end":{"line":619,"column":19}},{"start":{"line":619,"column":23},"end":{"line":619,"column":37}}],"line":619},"29":{"loc":{"start":{"line":622,"column":11},"end":{"line":643,"column":5}},"type":"if","locations":[{"start":{"line":622,"column":11},"end":{"line":643,"column":5}},{"start":{"line":625,"column":11},"end":{"line":643,"column":5}}],"line":622},"30":{"loc":{"start":{"line":622,"column":15},"end":{"line":622,"column":46}},"type":"binary-expr","locations":[{"start":{"line":622,"column":15},"end":{"line":622,"column":28}},{"start":{"line":622,"column":32},"end":{"line":622,"column":46}}],"line":622},"31":{"loc":{"start":{"line":625,"column":11},"end":{"line":643,"column":5}},"type":"if","locations":[{"start":{"line":625,"column":11},"end":{"line":643,"column":5}},{"start":{"line":628,"column":11},"end":{"line":643,"column":5}}],"line":625},"32":{"loc":{"start":{"line":625,"column":15},"end":{"line":625,"column":46}},"type":"binary-expr","locations":[{"start":{"line":625,"column":15},"end":{"line":625,"column":28}},{"start":{"line":625,"column":32},"end":{"line":625,"column":46}}],"line":625},"33":{"loc":{"start":{"line":628,"column":11},"end":{"line":643,"column":5}},"type":"if","locations":[{"start":{"line":628,"column":11},"end":{"line":643,"column":5}},{"start":{"line":631,"column":11},"end":{"line":643,"column":5}}],"line":628},"34":{"loc":{"start":{"line":628,"column":15},"end":{"line":628,"column":46}},"type":"binary-expr","locations":[{"start":{"line":628,"column":15},"end":{"line":628,"column":28}},{"start":{"line":628,"column":32},"end":{"line":628,"column":46}}],"line":628},"35":{"loc":{"start":{"line":631,"column":11},"end":{"line":643,"column":5}},"type":"if","locations":[{"start":{"line":631,"column":11},"end":{"line":643,"column":5}},{"start":{"line":634,"column":11},"end":{"line":643,"column":5}}],"line":631},"36":{"loc":{"start":{"line":631,"column":15},"end":{"line":631,"column":46}},"type":"binary-expr","locations":[{"start":{"line":631,"column":15},"end":{"line":631,"column":28}},{"start":{"line":631,"column":32},"end":{"line":631,"column":46}}],"line":631},"37":{"loc":{"start":{"line":634,"column":11},"end":{"line":643,"column":5}},"type":"if","locations":[{"start":{"line":634,"column":11},"end":{"line":643,"column":5}},{"start":{"line":637,"column":11},"end":{"line":643,"column":5}}],"line":634},"38":{"loc":{"start":{"line":634,"column":15},"end":{"line":634,"column":47}},"type":"binary-expr","locations":[{"start":{"line":634,"column":15},"end":{"line":634,"column":28}},{"start":{"line":634,"column":32},"end":{"line":634,"column":47}}],"line":634},"39":{"loc":{"start":{"line":637,"column":11},"end":{"line":643,"column":5}},"type":"if","locations":[{"start":{"line":637,"column":11},"end":{"line":643,"column":5}},{"start":{"line":640,"column":11},"end":{"line":643,"column":5}}],"line":637},"40":{"loc":{"start":{"line":637,"column":15},"end":{"line":637,"column":48}},"type":"binary-expr","locations":[{"start":{"line":637,"column":15},"end":{"line":637,"column":29}},{"start":{"line":637,"column":33},"end":{"line":637,"column":48}}],"line":637},"41":{"loc":{"start":{"line":640,"column":11},"end":{"line":643,"column":5}},"type":"if","locations":[{"start":{"line":640,"column":11},"end":{"line":643,"column":5}},{"start":{},"end":{}}],"line":640},"42":{"loc":{"start":{"line":669,"column":4},"end":{"line":669,"column":68}},"type":"if","locations":[{"start":{"line":669,"column":4},"end":{"line":669,"column":68}},{"start":{},"end":{}}],"line":669},"43":{"loc":{"start":{"line":693,"column":4},"end":{"line":693,"column":82}},"type":"if","locations":[{"start":{"line":693,"column":4},"end":{"line":693,"column":82}},{"start":{},"end":{}}],"line":693},"44":{"loc":{"start":{"line":700,"column":4},"end":{"line":724,"column":5}},"type":"if","locations":[{"start":{"line":700,"column":4},"end":{"line":724,"column":5}},{"start":{"line":703,"column":11},"end":{"line":724,"column":5}}],"line":700},"45":{"loc":{"start":{"line":700,"column":8},"end":{"line":700,"column":36}},"type":"binary-expr","locations":[{"start":{"line":700,"column":8},"end":{"line":700,"column":18}},{"start":{"line":700,"column":22},"end":{"line":700,"column":36}}],"line":700},"46":{"loc":{"start":{"line":703,"column":11},"end":{"line":724,"column":5}},"type":"if","locations":[{"start":{"line":703,"column":11},"end":{"line":724,"column":5}},{"start":{"line":706,"column":11},"end":{"line":724,"column":5}}],"line":703},"47":{"loc":{"start":{"line":703,"column":15},"end":{"line":703,"column":46}},"type":"binary-expr","locations":[{"start":{"line":703,"column":15},"end":{"line":703,"column":28}},{"start":{"line":703,"column":32},"end":{"line":703,"column":46}}],"line":703},"48":{"loc":{"start":{"line":706,"column":11},"end":{"line":724,"column":5}},"type":"if","locations":[{"start":{"line":706,"column":11},"end":{"line":724,"column":5}},{"start":{"line":709,"column":11},"end":{"line":724,"column":5}}],"line":706},"49":{"loc":{"start":{"line":706,"column":15},"end":{"line":706,"column":46}},"type":"binary-expr","locations":[{"start":{"line":706,"column":15},"end":{"line":706,"column":28}},{"start":{"line":706,"column":32},"end":{"line":706,"column":46}}],"line":706},"50":{"loc":{"start":{"line":709,"column":11},"end":{"line":724,"column":5}},"type":"if","locations":[{"start":{"line":709,"column":11},"end":{"line":724,"column":5}},{"start":{"line":712,"column":11},"end":{"line":724,"column":5}}],"line":709},"51":{"loc":{"start":{"line":709,"column":15},"end":{"line":709,"column":46}},"type":"binary-expr","locations":[{"start":{"line":709,"column":15},"end":{"line":709,"column":28}},{"start":{"line":709,"column":32},"end":{"line":709,"column":46}}],"line":709},"52":{"loc":{"start":{"line":712,"column":11},"end":{"line":724,"column":5}},"type":"if","locations":[{"start":{"line":712,"column":11},"end":{"line":724,"column":5}},{"start":{"line":715,"column":11},"end":{"line":724,"column":5}}],"line":712},"53":{"loc":{"start":{"line":712,"column":15},"end":{"line":712,"column":46}},"type":"binary-expr","locations":[{"start":{"line":712,"column":15},"end":{"line":712,"column":28}},{"start":{"line":712,"column":32},"end":{"line":712,"column":46}}],"line":712},"54":{"loc":{"start":{"line":715,"column":11},"end":{"line":724,"column":5}},"type":"if","locations":[{"start":{"line":715,"column":11},"end":{"line":724,"column":5}},{"start":{"line":718,"column":11},"end":{"line":724,"column":5}}],"line":715},"55":{"loc":{"start":{"line":715,"column":15},"end":{"line":715,"column":47}},"type":"binary-expr","locations":[{"start":{"line":715,"column":15},"end":{"line":715,"column":28}},{"start":{"line":715,"column":32},"end":{"line":715,"column":47}}],"line":715},"56":{"loc":{"start":{"line":718,"column":11},"end":{"line":724,"column":5}},"type":"if","locations":[{"start":{"line":718,"column":11},"end":{"line":724,"column":5}},{"start":{"line":721,"column":11},"end":{"line":724,"column":5}}],"line":718},"57":{"loc":{"start":{"line":718,"column":15},"end":{"line":718,"column":48}},"type":"binary-expr","locations":[{"start":{"line":718,"column":15},"end":{"line":718,"column":29}},{"start":{"line":718,"column":33},"end":{"line":718,"column":48}}],"line":718},"58":{"loc":{"start":{"line":721,"column":11},"end":{"line":724,"column":5}},"type":"if","locations":[{"start":{"line":721,"column":11},"end":{"line":724,"column":5}},{"start":{},"end":{}}],"line":721},"59":{"loc":{"start":{"line":757,"column":4},"end":{"line":758,"column":68}},"type":"if","locations":[{"start":{"line":757,"column":4},"end":{"line":758,"column":68}},{"start":{},"end":{}}],"line":757},"60":{"loc":{"start":{"line":768,"column":4},"end":{"line":768,"column":35}},"type":"if","locations":[{"start":{"line":768,"column":4},"end":{"line":768,"column":35}},{"start":{},"end":{}}],"line":768},"61":{"loc":{"start":{"line":793,"column":4},"end":{"line":793,"column":87}},"type":"if","locations":[{"start":{"line":793,"column":4},"end":{"line":793,"column":87}},{"start":{},"end":{}}],"line":793},"62":{"loc":{"start":{"line":802,"column":4},"end":{"line":804,"column":5}},"type":"if","locations":[{"start":{"line":802,"column":4},"end":{"line":804,"column":5}},{"start":{},"end":{}}],"line":802},"63":{"loc":{"start":{"line":837,"column":4},"end":{"line":838,"column":68}},"type":"if","locations":[{"start":{"line":837,"column":4},"end":{"line":838,"column":68}},{"start":{},"end":{}}],"line":837},"64":{"loc":{"start":{"line":849,"column":4},"end":{"line":853,"column":5}},"type":"if","locations":[{"start":{"line":849,"column":4},"end":{"line":853,"column":5}},{"start":{},"end":{}}],"line":849},"65":{"loc":{"start":{"line":855,"column":4},"end":{"line":859,"column":5}},"type":"if","locations":[{"start":{"line":855,"column":4},"end":{"line":859,"column":5}},{"start":{},"end":{}}],"line":855},"66":{"loc":{"start":{"line":866,"column":4},"end":{"line":866,"column":34}},"type":"if","locations":[{"start":{"line":866,"column":4},"end":{"line":866,"column":34}},{"start":{},"end":{}}],"line":866},"67":{"loc":{"start":{"line":895,"column":4},"end":{"line":895,"column":83}},"type":"if","locations":[{"start":{"line":895,"column":4},"end":{"line":895,"column":83}},{"start":{},"end":{}}],"line":895},"68":{"loc":{"start":{"line":904,"column":4},"end":{"line":904,"column":88}},"type":"if","locations":[{"start":{"line":904,"column":4},"end":{"line":904,"column":88}},{"start":{},"end":{}}],"line":904},"69":{"loc":{"start":{"line":914,"column":4},"end":{"line":915,"column":65}},"type":"if","locations":[{"start":{"line":914,"column":4},"end":{"line":915,"column":65}},{"start":{},"end":{}}],"line":914},"70":{"loc":{"start":{"line":926,"column":4},"end":{"line":931,"column":5}},"type":"if","locations":[{"start":{"line":926,"column":4},"end":{"line":931,"column":5}},{"start":{"line":928,"column":11},"end":{"line":931,"column":5}}],"line":926},"71":{"loc":{"start":{"line":937,"column":4},"end":{"line":960,"column":5}},"type":"if","locations":[{"start":{"line":937,"column":4},"end":{"line":960,"column":5}},{"start":{"line":950,"column":11},"end":{"line":960,"column":5}}],"line":937},"72":{"loc":{"start":{"line":950,"column":11},"end":{"line":960,"column":5}},"type":"if","locations":[{"start":{"line":950,"column":11},"end":{"line":960,"column":5}},{"start":{"line":958,"column":11},"end":{"line":960,"column":5}}],"line":950},"73":{"loc":{"start":{"line":950,"column":15},"end":{"line":950,"column":47}},"type":"binary-expr","locations":[{"start":{"line":950,"column":15},"end":{"line":950,"column":24}},{"start":{"line":950,"column":28},"end":{"line":950,"column":47}}],"line":950},"74":{"loc":{"start":{"line":984,"column":4},"end":{"line":988,"column":5}},"type":"if","locations":[{"start":{"line":984,"column":4},"end":{"line":988,"column":5}},{"start":{},"end":{}}],"line":984},"75":{"loc":{"start":{"line":990,"column":4},"end":{"line":994,"column":5}},"type":"if","locations":[{"start":{"line":990,"column":4},"end":{"line":994,"column":5}},{"start":{},"end":{}}],"line":990},"76":{"loc":{"start":{"line":1001,"column":4},"end":{"line":1001,"column":34}},"type":"if","locations":[{"start":{"line":1001,"column":4},"end":{"line":1001,"column":34}},{"start":{},"end":{}}],"line":1001},"77":{"loc":{"start":{"line":1037,"column":4},"end":{"line":1038,"column":62}},"type":"if","locations":[{"start":{"line":1037,"column":4},"end":{"line":1038,"column":62}},{"start":{},"end":{}}],"line":1037},"78":{"loc":{"start":{"line":1047,"column":4},"end":{"line":1048,"column":66}},"type":"if","locations":[{"start":{"line":1047,"column":4},"end":{"line":1048,"column":66}},{"start":{},"end":{}}],"line":1047},"79":{"loc":{"start":{"line":1057,"column":4},"end":{"line":1058,"column":65}},"type":"if","locations":[{"start":{"line":1057,"column":4},"end":{"line":1058,"column":65}},{"start":{},"end":{}}],"line":1057},"80":{"loc":{"start":{"line":1071,"column":4},"end":{"line":1076,"column":5}},"type":"if","locations":[{"start":{"line":1071,"column":4},"end":{"line":1076,"column":5}},{"start":{"line":1073,"column":11},"end":{"line":1076,"column":5}}],"line":1071},"81":{"loc":{"start":{"line":1082,"column":4},"end":{"line":1105,"column":5}},"type":"if","locations":[{"start":{"line":1082,"column":4},"end":{"line":1105,"column":5}},{"start":{"line":1095,"column":11},"end":{"line":1105,"column":5}}],"line":1082},"82":{"loc":{"start":{"line":1082,"column":8},"end":{"line":1082,"column":33}},"type":"binary-expr","locations":[{"start":{"line":1082,"column":8},"end":{"line":1082,"column":18}},{"start":{"line":1082,"column":22},"end":{"line":1082,"column":33}}],"line":1082},"83":{"loc":{"start":{"line":1095,"column":11},"end":{"line":1105,"column":5}},"type":"if","locations":[{"start":{"line":1095,"column":11},"end":{"line":1105,"column":5}},{"start":{"line":1103,"column":11},"end":{"line":1105,"column":5}}],"line":1095},"84":{"loc":{"start":{"line":1095,"column":15},"end":{"line":1095,"column":47}},"type":"binary-expr","locations":[{"start":{"line":1095,"column":15},"end":{"line":1095,"column":24}},{"start":{"line":1095,"column":28},"end":{"line":1095,"column":47}}],"line":1095},"85":{"loc":{"start":{"line":1126,"column":4},"end":{"line":1127,"column":68}},"type":"if","locations":[{"start":{"line":1126,"column":4},"end":{"line":1127,"column":68}},{"start":{},"end":{}}],"line":1126},"86":{"loc":{"start":{"line":1139,"column":4},"end":{"line":1141,"column":5}},"type":"if","locations":[{"start":{"line":1139,"column":4},"end":{"line":1141,"column":5}},{"start":{},"end":{}}],"line":1139},"87":{"loc":{"start":{"line":1145,"column":4},"end":{"line":1145,"column":35}},"type":"if","locations":[{"start":{"line":1145,"column":4},"end":{"line":1145,"column":35}},{"start":{},"end":{}}],"line":1145},"88":{"loc":{"start":{"line":1183,"column":4},"end":{"line":1184,"column":60}},"type":"if","locations":[{"start":{"line":1183,"column":4},"end":{"line":1184,"column":60}},{"start":{},"end":{}}],"line":1183},"89":{"loc":{"start":{"line":1192,"column":4},"end":{"line":1192,"column":77}},"type":"if","locations":[{"start":{"line":1192,"column":4},"end":{"line":1192,"column":77}},{"start":{},"end":{}}],"line":1192},"90":{"loc":{"start":{"line":1199,"column":4},"end":{"line":1199,"column":83}},"type":"if","locations":[{"start":{"line":1199,"column":4},"end":{"line":1199,"column":83}},{"start":{},"end":{}}],"line":1199},"91":{"loc":{"start":{"line":1209,"column":4},"end":{"line":1209,"column":88}},"type":"if","locations":[{"start":{"line":1209,"column":4},"end":{"line":1209,"column":88}},{"start":{},"end":{}}],"line":1209},"92":{"loc":{"start":{"line":1256,"column":4},"end":{"line":1258,"column":5}},"type":"if","locations":[{"start":{"line":1256,"column":4},"end":{"line":1258,"column":5}},{"start":{},"end":{}}],"line":1256},"93":{"loc":{"start":{"line":1275,"column":4},"end":{"line":1275,"column":77}},"type":"if","locations":[{"start":{"line":1275,"column":4},"end":{"line":1275,"column":77}},{"start":{},"end":{}}],"line":1275},"94":{"loc":{"start":{"line":1294,"column":4},"end":{"line":1295,"column":68}},"type":"if","locations":[{"start":{"line":1294,"column":4},"end":{"line":1295,"column":68}},{"start":{},"end":{}}],"line":1294},"95":{"loc":{"start":{"line":1306,"column":4},"end":{"line":1310,"column":5}},"type":"if","locations":[{"start":{"line":1306,"column":4},"end":{"line":1310,"column":5}},{"start":{},"end":{}}],"line":1306},"96":{"loc":{"start":{"line":1312,"column":4},"end":{"line":1316,"column":5}},"type":"if","locations":[{"start":{"line":1312,"column":4},"end":{"line":1316,"column":5}},{"start":{},"end":{}}],"line":1312},"97":{"loc":{"start":{"line":1324,"column":4},"end":{"line":1329,"column":8}},"type":"if","locations":[{"start":{"line":1324,"column":4},"end":{"line":1329,"column":8}},{"start":{},"end":{}}],"line":1324},"98":{"loc":{"start":{"line":1345,"column":4},"end":{"line":1345,"column":17}},"type":"default-arg","locations":[{"start":{"line":1345,"column":16},"end":{"line":1345,"column":17}}],"line":1345},"99":{"loc":{"start":{"line":1354,"column":4},"end":{"line":1355,"column":65}},"type":"if","locations":[{"start":{"line":1354,"column":4},"end":{"line":1355,"column":65}},{"start":{},"end":{}}],"line":1354},"100":{"loc":{"start":{"line":1362,"column":4},"end":{"line":1362,"column":83}},"type":"if","locations":[{"start":{"line":1362,"column":4},"end":{"line":1362,"column":83}},{"start":{},"end":{}}],"line":1362},"101":{"loc":{"start":{"line":1372,"column":4},"end":{"line":1372,"column":88}},"type":"if","locations":[{"start":{"line":1372,"column":4},"end":{"line":1372,"column":88}},{"start":{},"end":{}}],"line":1372},"102":{"loc":{"start":{"line":1386,"column":4},"end":{"line":1391,"column":5}},"type":"if","locations":[{"start":{"line":1386,"column":4},"end":{"line":1391,"column":5}},{"start":{"line":1388,"column":11},"end":{"line":1391,"column":5}}],"line":1386},"103":{"loc":{"start":{"line":1395,"column":4},"end":{"line":1417,"column":5}},"type":"if","locations":[{"start":{"line":1395,"column":4},"end":{"line":1417,"column":5}},{"start":{"line":1408,"column":11},"end":{"line":1417,"column":5}}],"line":1395}},"s":{"0":6,"1":6,"2":6,"3":6,"4":6,"5":6,"6":7,"7":7,"8":7,"9":4,"10":4,"11":3,"12":3,"13":4,"14":15,"15":15,"16":1,"17":14,"18":14,"19":14,"20":14,"21":14,"22":14,"23":3,"24":2,"25":5,"26":5,"27":5,"28":2,"29":3,"30":8,"31":2,"32":8,"33":7,"34":7,"35":7,"36":7,"37":7,"38":2,"39":5,"40":5,"41":5,"42":5,"43":5,"44":2,"45":4,"46":4,"47":1,"48":3,"49":3,"50":3,"51":3,"52":3,"53":15,"54":15,"55":1,"56":14,"57":14,"58":2,"59":12,"60":12,"61":12,"62":6,"63":6,"64":2,"65":4,"66":4,"67":3,"68":3,"69":3,"70":3,"71":1,"72":4,"73":9,"74":9,"75":1,"76":8,"77":8,"78":2,"79":6,"80":6,"81":2,"82":4,"83":1,"84":3,"85":3,"86":3,"87":0,"88":3,"89":7,"90":7,"91":1,"92":6,"93":6,"94":1,"95":5,"96":2,"97":3,"98":3,"99":5,"100":5,"101":5,"102":2,"103":3,"104":18,"105":18,"106":3,"107":15,"108":15,"109":15,"110":15,"111":4,"112":4,"113":4,"114":2,"115":2,"116":7,"117":7,"118":2,"119":5,"120":5,"121":2,"122":3,"123":3,"124":3,"125":3,"126":5,"127":5,"128":1,"129":4,"130":4,"131":4,"132":1,"133":3,"134":23,"135":19,"136":19,"137":4,"138":3,"139":3,"140":1,"141":0,"142":0,"143":1,"144":0,"145":0,"146":1,"147":0,"148":0,"149":1,"150":1,"151":1,"152":0,"153":0,"154":0,"155":0,"156":0,"157":0,"158":23,"159":4,"160":4,"161":4,"162":1,"163":3,"164":3,"165":3,"166":3,"167":20,"168":20,"169":2,"170":18,"171":18,"172":18,"173":18,"174":15,"175":15,"176":3,"177":3,"178":3,"179":0,"180":0,"181":0,"182":0,"183":0,"184":0,"185":0,"186":0,"187":0,"188":0,"189":0,"190":0,"191":0,"192":0,"193":0,"194":0,"195":0,"196":0,"197":18,"198":18,"199":18,"200":18,"201":18,"202":18,"203":5,"204":5,"205":2,"206":3,"207":3,"208":0,"209":3,"210":3,"211":3,"212":11,"213":11,"214":2,"215":9,"216":9,"217":1,"218":8,"219":8,"220":8,"221":7,"222":7,"223":1,"224":6,"225":6,"226":6,"227":6,"228":6,"229":6,"230":3,"231":3,"232":3,"233":6,"234":2,"235":2,"236":2,"237":6,"238":6,"239":6,"240":0,"241":6,"242":6,"243":13,"244":6,"245":20,"246":20,"247":2,"248":18,"249":18,"250":18,"251":0,"252":18,"253":18,"254":18,"255":2,"256":16,"257":16,"258":12,"259":4,"260":4,"261":16,"262":16,"263":12,"264":4,"265":3,"266":1,"267":15,"268":7,"269":7,"270":7,"271":7,"272":7,"273":7,"274":4,"275":4,"276":4,"277":7,"278":3,"279":3,"280":3,"281":7,"282":7,"283":7,"284":0,"285":7,"286":7,"287":11,"288":7,"289":15,"290":15,"291":2,"292":13,"293":13,"294":13,"295":0,"296":13,"297":13,"298":13,"299":1,"300":12,"301":12,"302":9,"303":3,"304":3,"305":12,"306":12,"307":8,"308":4,"309":2,"310":2,"311":10,"312":6,"313":6,"314":2,"315":4,"316":4,"317":4,"318":1,"319":4,"320":4,"321":0,"322":4,"323":4,"324":18,"325":4,"326":21,"327":21,"328":2,"329":19,"330":19,"331":1,"332":18,"333":18,"334":1,"335":17,"336":17,"337":17,"338":1,"339":16,"340":16,"341":16,"342":16,"343":16,"344":16,"345":16,"346":16,"347":16,"348":16,"349":0,"350":3,"351":3,"352":1,"353":2,"354":9,"355":9,"356":1,"357":8,"358":8,"359":8,"360":8,"361":8,"362":8,"363":5,"364":5,"365":5,"366":8,"367":5,"368":5,"369":5,"370":8,"371":8,"372":8,"373":8,"374":2,"375":6,"376":17,"377":17,"378":1,"379":16,"380":16,"381":0,"382":16,"383":16,"384":16,"385":0,"386":16,"387":16,"388":16,"389":13,"39
[...]
:{"line":478,"column":50}},"153":{"start":{"line":479,"column":6},"end":{"line":483,"column":7}},"154":{"start":{"line":480,"column":8},"end":{"line":480,"column":42}},"155":{"start":{"line":482,"column":8},"end":{"line":482,"column":30}},"156":{"start":{"line":486,"column":6},"end":{"line":486,"column":23}},"157":{"start":{"line":501,"column":0},"end":{"line":518,"column":2}},"158":{"start":{"line":505,"column":4},"end":{"line":516,"column":5}},"159":{"start":{"line":506,"column":37},"end":{"line":506,"column":46}},"160":{"start":{"line":508,"column":24},"end":{"line":512,"column":7}},"161":{"start":{"line":513,"column":6},"end":{"line":513,"column":37}},"162":{"start":{"line":515,"column":6},"end":{"line":515,"column":23}},"163":{"start":{"line":528,"column":0},"end":{"line":546,"column":2}},"164":{"start":{"line":532,"column":4},"end":{"line":544,"column":5}},"165":{"start":{"line":534,"column":24},"end":{"line":534,"column":72}},"166":{"start":{"line":535,"column":6},"end":{"line":538,"column":7}},"167":{"start":{"line":536,"column":21},"end":{"line":536,"column":57}},"168":{"start":{"line":536,"column":49},"end":{"line":536,"column":56}},"169":{"start":{"line":537,"column":8},"end":{"line":537,"column":40}},"170":{"start":{"line":540,"column":23},"end":{"line":540,"column":55}},"171":{"start":{"line":541,"column":6},"end":{"line":541,"column":45}},"172":{"start":{"line":543,"column":6},"end":{"line":543,"column":23}},"173":{"start":{"line":558,"column":0},"end":{"line":569,"column":2}},"174":{"start":{"line":562,"column":4},"end":{"line":567,"column":5}},"175":{"start":{"line":563,"column":23},"end":{"line":563,"column":83}},"176":{"start":{"line":564,"column":6},"end":{"line":564,"column":36}},"177":{"start":{"line":566,"column":6},"end":{"line":566,"column":23}},"178":{"start":{"line":579,"column":0},"end":{"line":601,"column":2}},"179":{"start":{"line":584,"column":4},"end":{"line":599,"column":5}},"180":{"start":{"line":586,"column":24},"end":{"line":586,"column":78}},"181":{"start":{"line":587,"column":6},"end":{"line":590,"column":7}},"182":{"start":{"line":588,"column":21},"end":{"line":588,"column":57}},"183":{"start":{"line":588,"column":49},"end":{"line":588,"column":56}},"184":{"start":{"line":589,"column":8},"end":{"line":589,"column":40}},"185":{"start":{"line":592,"column":22},"end":{"line":592,"column":54}},"186":{"start":{"line":593,"column":6},"end":{"line":593,"column":79}},"187":{"start":{"line":593,"column":22},"end":{"line":593,"column":79}},"188":{"start":{"line":595,"column":25},"end":{"line":595,"column":56}},"189":{"start":{"line":596,"column":6},"end":{"line":596,"column":45}},"190":{"start":{"line":598,"column":6},"end":{"line":598,"column":23}},"191":{"start":{"line":611,"column":0},"end":{"line":622,"column":2}},"192":{"start":{"line":615,"column":4},"end":{"line":620,"column":5}},"193":{"start":{"line":616,"column":29},"end":{"line":616,"column":66}},"194":{"start":{"line":617,"column":6},"end":{"line":617,"column":51}},"195":{"start":{"line":619,"column":6},"end":{"line":619,"column":23}},"196":{"start":{"line":633,"column":0},"end":{"line":650,"column":2}},"197":{"start":{"line":637,"column":4},"end":{"line":648,"column":5}},"198":{"start":{"line":638,"column":37},"end":{"line":638,"column":46}},"199":{"start":{"line":640,"column":27},"end":{"line":644,"column":7}},"200":{"start":{"line":645,"column":6},"end":{"line":645,"column":40}},"201":{"start":{"line":647,"column":6},"end":{"line":647,"column":23}},"202":{"start":{"line":660,"column":0},"end":{"line":678,"column":2}},"203":{"start":{"line":664,"column":4},"end":{"line":676,"column":5}},"204":{"start":{"line":666,"column":24},"end":{"line":666,"column":83}},"205":{"start":{"line":667,"column":6},"end":{"line":670,"column":7}},"206":{"start":{"line":668,"column":21},"end":{"line":668,"column":57}},"207":{"start":{"line":668,"column":49},"end":{"line":668,"column":56}},"208":{"start":{"line":669,"column":8},"end":{"line":669,"column":40}},"209":{"start":{"line":672,"column":27},"end":{"line":672,"column":66}},"210":{"start":{"line":673,"column":6},"end":{"line":673,"column":49}},"211":{"start":{"line":675,"column":6},"end":{"line":675,"column":23}},"212":{"start":{"line":681,"column":0},"end":{"line":681,"column":24}}},"fnMap":{"0":{"name":"(anonymous_0)","decl":{"start":{"line":41,"column":30},"end":{"line":41,"column":31}},"loc":{"start":{"line":41,"column":62},"end":{"line":55,"column":1}},"line":41},"1":{"name":"(anonymous_1)","decl":{"start":{"line":45,"column":40},"end":{"line":45,"column":41}},"loc":{"start":{"line":45,"column":47},"end":{"line":45,"column":54}},"line":45},"2":{"name":"(anonymous_2)","decl":{"start":{"line":64,"column":29},"end":{"line":64,"column":30}},"loc":{"start":{"line":64,"column":61},"end":{"line":71,"column":1}},"line":64},"3":{"name":"(anonymous_3)","decl":{"start":{"line":84,"column":2},"end":{"line":84,"column":3}},"loc":{"start":{"line":84,"column":34},"end":{"line":91,"column":3}},"line":84},"4":{"name":"(anonymous_4)","decl":{"start":{"line":107,"column":2},"end":{"line":107,"column":3}},"loc":{"start":{"line":107,"column":34},"end":{"line":120,"column":3}},"line":107},"5":{"name":"(anonymous_5)","decl":{"start":{"line":111,"column":44},"end":{"line":111,"column":45}},"loc":{"start":{"line":111,"column":51},"end":{"line":111,"column":58}},"line":111},"6":{"name":"(anonymous_6)","decl":{"start":{"line":131,"column":2},"end":{"line":131,"column":3}},"loc":{"start":{"line":131,"column":34},"end":{"line":138,"column":3}},"line":131},"7":{"name":"(anonymous_7)","decl":{"start":{"line":153,"column":2},"end":{"line":153,"column":3}},"loc":{"start":{"line":153,"column":34},"end":{"line":160,"column":3}},"line":153},"8":{"name":"(anonymous_8)","decl":{"start":{"line":173,"column":2},"end":{"line":173,"column":3}},"loc":{"start":{"line":173,"column":34},"end":{"line":186,"column":3}},"line":173},"9":{"name":"(anonymous_9)","decl":{"start":{"line":177,"column":42},"end":{"line":177,"column":43}},"loc":{"start":{"line":177,"column":49},"end":{"line":177,"column":56}},"line":177},"10":{"name":"(anonymous_10)","decl":{"start":{"line":200,"column":2},"end":{"line":200,"column":3}},"loc":{"start":{"line":200,"column":34},"end":{"line":208,"column":3}},"line":200},"11":{"name":"(anonymous_11)","decl":{"start":{"line":222,"column":2},"end":{"line":222,"column":3}},"loc":{"start":{"line":222,"column":34},"end":{"line":241,"column":3}},"line":222},"12":{"name":"(anonymous_12)","decl":{"start":{"line":227,"column":42},"end":{"line":227,"column":43}},"loc":{"start":{"line":227,"column":49},"end":{"line":227,"column":56}},"line":227},"13":{"name":"(anonymous_13)","decl":{"start":{"line":254,"column":2},"end":{"line":254,"column":3}},"loc":{"start":{"line":254,"column":34},"end":{"line":263,"column":3}},"line":254},"14":{"name":"(anonymous_14)","decl":{"start":{"line":278,"column":2},"end":{"line":278,"column":3}},"loc":{"start":{"line":278,"column":34},"end":{"line":285,"column":3}},"line":278},"15":{"name":"(anonymous_15)","decl":{"start":{"line":299,"column":2},"end":{"line":299,"column":3}},"loc":{"start":{"line":299,"column":34},"end":{"line":313,"column":3}},"line":299},"16":{"name":"(anonymous_16)","decl":{"start":{"line":304,"column":42},"end":{"line":304,"column":43}},"loc":{"start":{"line":304,"column":49},"end":{"line":304,"column":56}},"line":304},"17":{"name":"(anonymous_17)","decl":{"start":{"line":326,"column":2},"end":{"line":326,"column":3}},"loc":{"start":{"line":326,"column":34},"end":{"line":333,"column":3}},"line":326},"18":{"name":"(anonymous_18)","decl":{"start":{"line":347,"column":2},"end":{"line":347,"column":3}},"loc":{"start":{"line":347,"column":34},"end":{"line":364,"column":3}},"line":347},"19":{"name":"(anonymous_19)","decl":{"start":{"line":352,"column":42},"end":{"line":352,"column":43}},"loc":{"start":{"line":352,"column":49},"end":{"line":352,"column":56}},"line":352},"20":{"name":"(anonymous_20)","decl":{"start":{"line":376,"column":2},"end":{"line":376,"column":3}},"loc":{"start":{"line":376,"column":34},"end":{"line":384,"column":3}},"line":376},"21":{"name":"(anonymous_21)","decl":{"start":{"line":399,"column":2},"end":{"line":399,"column":3}},"loc":{"start":{"line":399,"column":34},"end":{"line":406,"column":3}},"line":399},"22":{"name":"(anonymous_22)","decl":{"start":{"line":419,"column":2},"end":{"line":419,"column":3}},"loc":{"start":{"line":419,"column":34},"end":{"line":436,"column":3}},"line":419},"23":{"name":"(anonymous_23)","decl":{"start":{"line":424,"column":42},"end":{"line":424,"column":43}},"loc":{"start":{"line":424,"column":49},"end":{"line":424,"column":56}},"line":424},"24":{"name":"(anonymous_24)","decl":{"start":{"line":449,"column":2},"end":{"line":449,"column":3}},"loc":{"start":{"line":449,"column":34},"end":{"line":456,"column":3}},"line":449},"25":{"name":"(anonymous_25)","decl":{"start":{"line":469,"column":2},"end":{"line":469,"column":3}},"loc":{"start":{"line":469,"column":34},"end":{"line":488,"column":3}},"line":469},"26":{"name":"(anonymous_26)","decl":{"start":{"line":474,"column":42},"end":{"line":474,"column":43}},"loc":{"start":{"line":474,"column":49},"end":{"line":474,"column":56}},"line":474},"27":{"name":"(anonymous_27)","decl":{"start":{"line":504,"column":2},"end":{"line":504,"column":3}},"loc":{"start":{"line":504,"column":34},"end":{"line":517,"column":3}},"line":504},"28":{"name":"(anonymous_28)","decl":{"start":{"line":531,"column":2},"end":{"line":531,"column":3}},"loc":{"start":{"line":531,"column":34},"end":{"line":545,"column":3}},"line":531},"29":{"name":"(anonymous_29)","decl":{"start":{"line":536,"column":42},"end":{"line":536,"column":43}},"loc":{"start":{"line":536,"column":49},"end":{"line":536,"column":56}},"line":536},"30":{"name":"(anonymous_30)","decl":{"start":{"line":561,"column":2},"end":{"line":561,"column":3}},"loc":{"start":{"line":561,"column":34},"end":{"line":568,"column":3}},"line":561},"31":{"name":"(anonymous_31)","decl":{"start":{"line":582,"column":2},"end":{"line":582,"column":3}},"loc":{"start":{"line":582,"column":34},"end":{"line":600,"column":3}},"line":582},"32":{"name":"(anonymous_32)","decl":{"start":{"line":588,"column":42},"end":{"line":588,"column":43}},"loc":{"start":{"line":588,"column":49},"end":{"line":588,"column":56}},"line":588},"33":{"name":"(anonymous_33)","decl":{"start":{"line":614,"column":2},"end":{"line":614,"column":3}},"loc":{"start":{"line":614,"column":34},"end":{"line":621,"column":3}},"line":614},"34":{"name":"(anonymous_34)","decl":{"start":{"line":636,"column":2},"end":{"line":636,"column":3}},"loc":{"start":{"line":636,"column":34},"end":{"line":649,"column":3}},"line":636},"35":{"name":"(anonymous_35)","decl":{"start":{"line":663,"column":2},"end":{"line":663,"column":3}},"loc":{"start":{"line":663,"column":34},"end":{"line":677,"column":3}},"line":663},"36":{"name":"(anonymous_36)","decl":{"start":{"line":668,"column":42},"end":{"line":668,"column":43}},"loc":{"start":{"line":668,"column":49},"end":{"line":668,"column":56}},"line":668}},"branchMap":{"0":{"loc":{"start":{"line":44,"column":4},"end":{"line":47,"column":5}},"type":"if","locations":[{"start":{"line":44,"column":4},"end":{"line":47,"column":5}},{"start":{},"end":{}}],"line":44},"1":{"loc":{"start":{"line":110,"column":8},"end":{"line":113,"column":9}},"type":"if","locations":[{"start":{"line":110,"column":8},"end":{"line":113,"column":9}},{"start":{},"end":{}}],"line":110},"2":{"loc":{"start":{"line":176,"column":6},"end":{"line":179,"column":7}},"type":"if","locations":[{"start":{"line":176,"column":6},"end":{"line":179,"column":7}},{"start":{},"end":{}}],"line":176},"3":{"loc":{"start":{"line":226,"column":6},"end":{"line":229,"column":7}},"type":"if","locations":[{"start":{"line":226,"column":6},"end":{"line":229,"column":7}},{"start":{},"end":{}}],"line":226},"4":{"loc":{"start":{"line":303,"column":6},"end":{"line":306,"column":7}},"type":"if","locations":[{"start":{"line":303,"column":6},"end":{"line":306,"column":7}},{"start":{},"end":{}}],"line":303},"5":{"loc":{"start":{"line":351,"column":6},"end":{"line":354,"column":7}},"type":"if","locations":[{"start":{"line":351,"column":6},"end":{"line":354,"column":7}},{"start":{},"end":{}}],"line":351},"6":{"loc":{"start":{"line":423,"column":6},"end":{"line":426,"column":7}},"type":"if","locations":[{"start":{"line":423,"column":6},"end":{"line":426,"column":7}},{"start":{},"end":{}}],"line":423},"7":{"loc":{"start":{"line":473,"column":6},"end":{"line":476,"column":7}},"type":"if","locations":[{"start":{"line":473,"column":6},"end":{"line":476,"column":7}},{"start":{},"end":{}}],"line":473},"8":{"loc":{"start":{"line":479,"column":6},"end":{"line":483,"column":7}},"type":"if","locations":[{"start":{"line":479,"column":6},"end":{"line":483,"column":7}},{"start":{"line":481,"column":13},"end":{"line":483,"column":7}}],"line":479},"9":{"loc":{"start":{"line":535,"column":6},"end":{"line":538,"column":7}},"type":"if","locations":[{"start":{"line":535,"column":6},"end":{"line":538,"column":7}},{"start":{},"end":{}}],"line":535},"10":{"loc":{"start":{"line":587,"column":6},"end":{"line":590,"column":7}},"type":"if","locations":[{"start":{"line":587,"column":6},"end":{"line":590,"column":7}},{"start":{},"end":{}}],"line":587},"11":{"loc":{"start":{"line":593,"column":6},"end":{"line":593,"column":79}},"type":"if","locations":[{"start":{"line":593,"column":6},"end":{"line":593,"column":79}},{"start":{},"end":{}}],"line":593},"12":{"loc":{"start":{"line":667,"column":6},"end":{"line":670,"column":7}},"type":"if","locations":[{"start":{"line":667,"column":6},"end":{"line":670,"column":7}},{"start":{},"end":{}}],"line":667}},"s":{"0":5,"1":5,"2":5,"3":5,"4":5,"5":5,"6":5,"7":5,"8":5,"9":5,"10":5,"11":5,"12":5,"13":5,"14":5,"15":5,"16":5,"17":5,"18":5,"19":5,"20":4,"21":4,"22":4,"23":2,"24":7,"25":2,"26":2,"27":2,"28":2,"29":2,"30":5,"31":2,"32":2,"33":1,"34":1,"35":5,"36":3,"37":3,"38":2,"39":1,"40":5,"41":5,"42":5,"43":5,"44":1,"45":1,"46":1,"47":4,"48":3,"49":2,"50":5,"51":3,"52":3,"53":2,"54":1,"55":5,"56":3,"57":3,"58":2,"59":1,"60":5,"61":6,"62":6,"63":6,"64":2,"65":2,"66":2,"67":4,"68":2,"69":4,"70":5,"71":3,"72":3,"73":2,"74":1,"75":5,"76":7,"77":7,"78":7,"79":2,"80":2,"81":2,"82":5,"83":2,"84":5,"85":5,"86":4,"87":4,"88":2,"89":2,"90":5,"91":3,"92":3,"93":2,"94":1,"95":5,"96":5,"97":5,"98":5,"99":2,"100":2,"101":2,"102":3,"103":2,"104":3,"105":5,"106":2,"107":2,"108":1,"109":1,"110":5,"111":4,"112":4,"113":4,"114":0,"115":0,"116":0,"117":4,"118":2,"119":2,"120":5,"121":3,"122":3,"123":2,"124":1,"125":5,"126":3,"127":3,"128":2,"129":1,"130":5,"131":4,"132":4,"133":4,"134":2,"135":2,"136":2,"137":2,"138":1,"139":3,"140":5,"141":3,"142":3,"143":2,"144":1,"145":5,"146":5,"147":5,"148":5,"149":2,"150":2,"151":2,"152":3,"153":2,"154":2,"155":0,"156":3,"157":5,"158":4,"159":4,"160":4,"161":3,"162":1,"163":5,"164":5,"165":5,"166":5,"167":2,"168":4,"169":2,"170":3,"171":2,"172":3,"173":5,"174":3,"175":3,"176":2,"177":1,"178":5,"179":5,"180":5,"181":5,"182":1,"183":2,"184":1,"185":4,"186":4,"187":1,"188":3,"189":2,"190":3,"191":5,"192":2,"193":2,"194":1,"195":1,"196":5,"197":4,"198":4,"199":4,"200":3,"201":1,"202":5,"203":5,"204":5,"205":5,"206":2,"207":2,"208":2,"209":3,"210":2,"211":3,"212":5},"f":{"0":4,"1":7,"2":2,"3":3,"4":5,"5":1,"6":3,"7":3,"8":6,"9":2,"10":3,"11":7,"12":2,"13":4,"14":3,"15":5,"16":2,"17":2,"18":4,"19":0,"20":3,"21":3,"22":4,"23":2,"24":3,"25":5,"26":2,"27":4,"28":5,"29":4,"30":3,"31":5,"32":2,"33":2,"34":4,"35":5,"36":2},"b":{"0":[2,2],"1":[1,4],"2":[2,4],"3":[2,5],"4":[2,3],"5":[0,4],"6":[2,2],"7":[2,3],"8":[2,0],"9":[2,3],"10":[1,4],"11":[1,3],"12":[2,3]},"_coverageSchema":"1a1c01bbd47fc00a2c39e90264f33305004495a9","hash":"e4b7d0197ed8160c8a98b578a163eb1aa89326cd"}
,"F:\\cw_git\\trivia\\backend\\routes\\tests\\_testCommonRoutes.js": {"path":"F:\\cw_git\\trivia\\backend\\routes\\tests\\_testCommonRoutes.js","statementMap":{"0":{"start":{"line":3,"column":11},"end":{"line":3,"column":33}},"1":{"start":{"line":4,"column":13},"end":{"line":4,"column":41}},"2":{"start":{"line":5,"column":24},"end":{"line":5,"column":55}},"3":{"start":{"line":8,"column":2},"end":{"line":8,"column":66}},"4":{"start":{"line":9,"column":2},"end":{"line":9,"column":38}},"5":{"start":{"line":10,"column":2},"end":{"line":10,"column":39}},"6":{"start":{"line":12,"column":2},"end":{"line":12,"column":71}},"7":{"start":{"line":13,"column":2},"end":{"line":13,"column":73}},"8":{"start":{"line":15,"column":2},"end":{"line":15,"column":76}},"9":{"start":{"line":16,"column":2},"end":{"line":16,"column":74}},"10":{"start":{"line":17,"column":2},"end":{"line":17,"column":46}},"11":{"start":{"line":18,"column":2},"end":{"line":18,"column":44}},"12":{"start":{"line":19,"column":2},"end":{"line":19,"column":68}},"13":{"start":{"line":20,"column":2},"end":{"line":20,"column":67}},"14":{"start":{"line":22,"column":2},"end":{"line":26,"column":5}},"15":{"start":{"line":28,"column":2},"end":{"line":31,"column":5}},"16":{"start":{"line":33,"column":2},"end":{"line":40,"column":5}},"17":{"start":{"line":41,"column":2},"end":{"line":48,"column":5}},"18":{"start":{"line":50,"column":2},"end":{"line":57,"column":5}},"19":{"start":{"line":59,"column":2},"end":{"line":66,"column":5}},"20":{"start":{"line":68,"column":2},"end":{"line":75,"column":5}},"21":{"start":{"line":77,"column":2},"end":{"line":77,"column":55}},"22":{"start":{"line":79,"column":2},"end":{"line":79,"column":60}},"23":{"start":{"line":80,"column":2},"end":{"line":80,"column":60}},"24":{"start":{"line":82,"column":2},"end":{"line":87,"column":5}},"25":{"start":{"line":89,"column":2},"end":{"line":94,"column":5}},"26":{"start":{"line":96,"column":2},"end":{"line":101,"column":5}},"27":{"start":{"line":103,"column":2},"end":{"line":109,"column":5}},"28":{"start":{"line":111,"column":2},"end":{"line":117,"column":5}},"29":{"start":{"line":119,"column":2},"end":{"line":125,"column":5}},"30":{"start":{"line":127,"column":2},"end":{"line":133,"column":5}},"31":{"start":{"line":135,"column":2},"end":{"line":141,"column":5}},"32":{"start":{"line":144,"column":2},"end":{"line":148,"column":5}},"33":{"start":{"line":150,"column":2},"end":{"line":154,"column":5}},"34":{"start":{"line":156,"column":2},"end":{"line":160,"column":5}},"35":{"start":{"line":167,"column":2},"end":{"line":167,"column":26}},"36":{"start":{"line":171,"column":2},"end":{"line":171,"column":29}},"37":{"start":{"line":175,"column":2},"end":{"line":175,"column":17}},"38":{"start":{"line":178,"column":16},"end":{"line":178,"column":63}},"39":{"start":{"line":179,"column":16},"end":{"line":179,"column":62}},"40":{"start":{"line":181,"column":0},"end":{"line":188,"column":2}}},"fnMap":{"0":{"name":"commonBeforeAll","decl":{"start":{"line":7,"column":15},"end":{"line":7,"column":30}},"loc":{"start":{"line":7,"column":33},"end":{"line":164,"column":1}},"line":7},"1":{"name":"commonBeforeEach","decl":{"start":{"line":166,"column":15},"end":{"line":166,"column":31}},"loc":{"start":{"line":166,"column":34},"end":{"line":168,"column":1}},"line":166},"2":{"name":"commonAfterEach","decl":{"start":{"line":170,"column":15},"end":{"line":170,"column":30}},"loc":{"start":{"line":170,"column":33},"end":{"line":172,"column":1}},"line":170},"3":{"name":"commonAfterAll","decl":{"start":{"line":174,"column":15},"end":{"line":174,"column":29}},"loc":{"start":{"line":174,"column":32},"end":{"line":176,"column":1}},"line":174}},"branchMap":{},"s":{"0":4,"1":4,"2":4,"3":4,"4":4,"5":4,"6":4,"7":4,"8":4,"9":4,"10":4,"11":4,"12":4,"13":4,"14":4,"15":4,"16":4,"17":4,"18":4,"19":4,"20":4,"21":4,"22":4,"23":4,"24":4,"25":4,"26":4,"27":4,"28":4,"29":4,"30":4,"31":4,"32":4,"33":4,"34":4,"35":169,"36":169,"37":4,"38":4,"39":4,"40":4},"f":{"0":4,"1":169,"2":169,"3":4},"b":{},"_coverageSchema":"1a1c01bbd47fc00a2c39e90264f33305004495a9","hash":"ffa8345173b17eec015dce3252e5080947f3d98d"}
}
