TN:
SF:app.js
FN:22,(anonymous_0)
FN:39,(anonymous_1)
FN:44,(anonymous_2)
FNF:3
FNH:3
FNDA:170,(anonymous_0)
FNDA:2,(anonymous_1)
FNDA:111,(anonymous_2)
DA:3,5
DA:4,5
DA:6,5
DA:8,5
DA:9,5
DA:10,5
DA:11,5
DA:12,5
DA:14,5
DA:16,5
DA:17,5
DA:18,5
DA:20,5
DA:22,5
DA:23,170
DA:24,170
DA:25,170
DA:26,170
DA:30,5
DA:31,5
DA:32,5
DA:33,5
DA:39,5
DA:40,2
DA:44,5
DA:45,111
DA:47,111
DA:48,111
DA:50,111
DA:55,5
LF:30
LH:30
BRDA:45,0,0,1
BRDA:45,0,1,110
BRDA:47,1,0,111
BRDA:47,1,1,1
BRF:4
BRH:4
end_of_record
TN:
SF:config.js
FNF:0
FNH:0
DA:1,10
DA:3,10
DA:4,10
DA:7,10
DA:12,10
DA:14,10
LF:6
LH:6
BRDA:3,0,0,10
BRDA:3,0,1,0
BRDA:4,1,0,10
BRDA:4,1,1,8
BRDA:7,2,0,9
BRDA:7,2,1,1
BRDA:9,3,0,1
BRDA:9,3,1,0
BRDA:12,4,0,9
BRDA:12,4,1,1
BRF:10
BRH:8
end_of_record
TN:
SF:db.js
FN:18,(anonymous_0)
FN:22,(anonymous_1)
FNF:2
FNH:2
FNDA:5,(anonymous_0)
FNDA:5,(anonymous_1)
DA:4,6
DA:5,6
DA:10,6
DA:18,6
DA:19,5
DA:20,0
DA:22,5
DA:23,5
DA:24,5
DA:25,0
DA:27,5
DA:34,6
LF:12
LH:10
BRDA:19,0,0,0
BRDA:19,0,1,5
BRDA:24,1,0,0
BRDA:24,1,1,5
BRF:4
BRH:2
end_of_record
TN:
SF:expressError.js
FN:8,(anonymous_0)
FN:18,(anonymous_1)
FN:26,(anonymous_2)
FN:34,(anonymous_3)
FN:42,(anonymous_4)
FNF:5
FNH:4
FNDA:150,(anonymous_0)
FNDA:54,(anonymous_1)
FNDA:61,(anonymous_2)
FNDA:35,(anonymous_3)
FNDA:0,(anonymous_4)
DA:9,150
DA:10,150
DA:11,150
DA:19,54
DA:27,61
DA:35,35
DA:43,0
DA:47,8
LF:8
LH:7
BRDA:18,0,0,2
BRDA:26,1,0,57
BRDA:34,2,0,0
BRDA:42,3,0,0
BRF:4
BRH:2
end_of_record
TN:
SF:helpers\shuffle.js
FN:1,(anonymous_0)
FNF:1
FNH:1
FNDA:3,(anonymous_0)
DA:1,6
DA:2,3
DA:4,3
DA:5,12
DA:6,12
DA:8,12
DA:11,3
DA:15,6
LF:8
LH:8
BRF:0
BRH:0
end_of_record
TN:
SF:helpers\sql.js
FN:20,sqlForPartialUpdate
FN:26,(anonymous_1)
FNF:2
FNH:2
FNDA:10,sqlForPartialUpdate
FNDA:13,(anonymous_1)
DA:1,7
DA:21,10
DA:22,10
DA:25,9
DA:26,13
DA:29,9
DA:35,7
LF:7
LH:7
BRDA:22,0,0,1
BRDA:22,0,1,9
BRDA:26,1,0,13
BRDA:26,1,1,4
BRF:4
BRH:4
end_of_record
TN:
SF:helpers\tokens.js
FN:4,createToken
FNF:1
FNH:1
FNDA:15,createToken
DA:1,6
DA:2,6
DA:5,15
DA:10,15
DA:15,15
DA:18,6
LF:6
LH:6
BRDA:12,0,0,15
BRDA:12,0,1,9
BRF:2
BRH:2
end_of_record
TN:
SF:middleware\auth.js
FN:17,authenticateJWT
FN:36,ensureLoggedIn
FN:50,ensureAdmin
FN:67,ensureCorrectUserOrAdmin
FNF:4
FNH:4
FNDA:173,authenticateJWT
FNDA:6,ensureLoggedIn
FNDA:27,ensureAdmin
FNDA:131,ensureCorrectUserOrAdmin
DA:5,6
DA:6,6
DA:7,6
DA:18,173
DA:19,173
DA:20,173
DA:21,134
DA:22,134
DA:25,172
DA:27,1
DA:37,6
DA:38,6
DA:39,4
DA:41,2
DA:51,27
DA:52,27
DA:53,12
DA:55,15
DA:57,12
DA:68,131
DA:69,131
DA:71,131
DA:72,43
DA:74,88
DA:76,43
DA:80,6
LF:26
LH:26
BRDA:19,0,0,173
BRDA:19,0,1,172
BRDA:20,1,0,134
BRDA:20,1,1,39
BRDA:38,2,0,2
BRDA:38,2,1,4
BRDA:52,3,0,12
BRDA:52,3,1,15
BRDA:52,4,0,27
BRDA:52,4,1,21
BRDA:71,5,0,43
BRDA:71,5,1,88
BRDA:71,6,0,131
BRDA:71,6,1,109
BRDA:71,6,2,65
BRF:15
BRH:15
end_of_record
TN:
SF:models\user.js
FN:25,(anonymous_0)
FN:61,(anonymous_1)
FN:119,(anonymous_2)
FN:141,(anonymous_3)
FN:178,(anonymous_4)
FN:209,(anonymous_5)
FN:231,(anonymous_6)
FN:272,(anonymous_7)
FN:314,(anonymous_8)
FN:337,(anonymous_9)
FN:362,(anonymous_10)
FN:421,(anonymous_11)
FN:465,(anonymous_12)
FN:489,(anonymous_13)
FN:523,(anonymous_14)
FN:547,(anonymous_15)
FN:586,(anonymous_16)
FN:615,(anonymous_17)
FN:655,(anonymous_18)
FN:685,(anonymous_19)
FN:750,(anonymous_20)
FN:770,(anonymous_21)
FN:785,(anonymous_22)
FN:829,(anonymous_23)
FN:870,(anonymous_24)
FN:889,(anonymous_25)
FN:972,(anonymous_26)
FN:1005,(anonymous_27)
FN:1025,(anonymous_28)
FN:1119,(anonymous_29)
FN:1149,(anonymous_30)
FN:1169,(anonymous_31)
FN:1243,(anonymous_32)
FN:1267,(anonymous_33)
FN:1287,(anonymous_34)
FN:1341,(anonymous_35)
FNF:36
FNH:36
FNDA:7,(anonymous_0)
FNDA:15,(anonymous_1)
FNDA:3,(anonymous_2)
FNDA:5,(anonymous_3)
FNDA:8,(anonymous_4)
FNDA:5,(anonymous_5)
FNDA:4,(anonymous_6)
FNDA:15,(anonymous_7)
FNDA:6,(anonymous_8)
FNDA:3,(anonymous_9)
FNDA:9,(anonymous_10)
FNDA:7,(anonymous_11)
FNDA:5,(anonymous_12)
FNDA:18,(anonymous_13)
FNDA:4,(anonymous_14)
FNDA:7,(anonymous_15)
FNDA:5,(anonymous_16)
FNDA:23,(anonymous_17)
FNDA:4,(anonymous_18)
FNDA:20,(anonymous_19)
FNDA:5,(anonymous_20)
FNDA:3,(anonymous_21)
FNDA:11,(anonymous_22)
FNDA:7,(anonymous_23)
FNDA:13,(anonymous_24)
FNDA:20,(anonymous_25)
FNDA:7,(anonymous_26)
FNDA:11,(anonymous_27)
FNDA:15,(anonymous_28)
FNDA:6,(anonymous_29)
FNDA:18,(anonymous_30)
FNDA:21,(anonymous_31)
FNDA:16,(anonymous_32)
FNDA:3,(anonymous_33)
FNDA:9,(anonymous_34)
FNDA:17,(anonymous_35)
DA:3,6
DA:4,6
DA:5,6
DA:6,6
DA:11,6
DA:13,6
DA:27,7
DA:40,7
DA:42,7
DA:44,4
DA:45,4
DA:46,3
DA:47,3
DA:51,4
DA:69,15
DA:76,15
DA:77,1
DA:80,14
DA:82,14
DA:95,14
DA:97,14
DA:104,14
DA:111,14
DA:120,3
DA:131,2
DA:142,5
DA:154,5
DA:156,5
DA:158,3
DA:179,8
DA:180,2
DA:183,8
DA:188,7
DA:190,7
DA:198,7
DA:199,7
DA:201,7
DA:203,5
DA:204,5
DA:210,5
DA:217,5
DA:219,5
DA:233,4
DA:239,4
DA:240,1
DA:244,3
DA:251,3
DA:259,3
DA:260,3
DA:262,3
DA:273,15
DA:279,15
DA:280,1
DA:282,14
DA:289,14
DA:290,2
DA:295,12
DA:302,12
DA:304,12
DA:315,6
DA:322,6
DA:323,2
DA:326,4
DA:335,4
DA:336,3
DA:337,3
DA:343,3
DA:345,1
DA:352,4
DA:364,9
DA:370,9
DA:371,1
DA:373,8
DA:380,8
DA:381,2
DA:384,6
DA:390,6
DA:391,2
DA:394,4
DA:395,1
DA:398,3
DA:405,3
DA:407,3
DA:408,0
DA:411,3
DA:423,7
DA:429,7
DA:430,1
DA:432,6
DA:438,6
DA:439,1
DA:442,5
DA:443,2
DA:446,3
DA:453,3
DA:466,5
DA:473,5
DA:475,5
DA:476,2
DA:479,3
DA:490,18
DA:497,18
DA:498,3
DA:501,15
DA:503,15
DA:511,15
DA:513,15
DA:524,4
DA:531,4
DA:533,4
DA:534,2
DA:537,2
DA:548,7
DA:552,7
DA:553,2
DA:556,5
DA:561,5
DA:562,2
DA:565,3
DA:567,3
DA:574,3
DA:576,3
DA:588,5
DA:594,5
DA:595,1
DA:597,4
DA:604,4
DA:606,4
DA:607,1
DA:610,3
DA:619,23
DA:620,19
DA:621,19
DA:622,4
DA:623,3
DA:624,3
DA:625,1
DA:626,0
DA:627,0
DA:628,1
DA:629,0
DA:630,0
DA:631,1
DA:632,0
DA:633,0
DA:634,1
DA:635,1
DA:636,1
DA:637,0
DA:638,0
DA:639,0
DA:640,0
DA:641,0
DA:642,0
DA:645,23
DA:656,4
DA:667,4
DA:669,4
DA:671,3
DA:672,3
DA:673,3
DA:675,3
DA:686,20
DA:693,20
DA:695,18
DA:697,18
DA:698,18
DA:700,18
DA:701,15
DA:702,15
DA:703,3
DA:704,3
DA:705,3
DA:706,0
DA:707,0
DA:708,0
DA:709,0
DA:710,0
DA:711,0
DA:712,0
DA:713,0
DA:714,0
DA:715,0
DA:716,0
DA:717,0
DA:718,0
DA:719,0
DA:720,0
DA:721,0
DA:722,0
DA:723,0
DA:726,18
DA:734,18
DA:736,18
DA:737,18
DA:738,18
DA:740,18
DA:751,5
DA:757,5
DA:758,2
DA:760,3
DA:768,3
DA:770,3
DA:776,3
DA:787,11
DA:793,11
DA:795,9
DA:802,9
DA:803,1
DA:806,8
DA:808,8
DA:816,8
DA:831,7
DA:837,7
DA:838,1
DA:840,6
DA:844,6
DA:845,6
DA:846,6
DA:847,6
DA:849,6
DA:850,3
DA:851,3
DA:852,3
DA:855,6
DA:856,2
DA:857,2
DA:858,2
DA:861,6
DA:863,6
DA:866,6
DA:868,6
DA:870,13
DA:878,6
DA:890,20
DA:895,20
DA:897,18
DA:899,18
DA:904,18
DA:906,18
DA:908,18
DA:914,18
DA:915,2
DA:917,16
DA:926,16
DA:927,12
DA:929,4
DA:930,4
DA:933,16
DA:937,16
DA:938,12
DA:950,4
DA:951,3
DA:959,1
DA:962,15
DA:973,7
DA:979,7
DA:980,7
DA:981,7
DA:982,7
DA:984,7
DA:985,4
DA:986,4
DA:987,4
DA:990,7
DA:991,3
DA:992,3
DA:993,3
DA:996,7
DA:998,7
DA:1001,7
DA:1003,7
DA:1005,11
DA:1014,7
DA:1032,15
DA:1037,15
DA:1038,2
DA:1040,13
DA:1042,13
DA:1047,13
DA:1048,0
DA:1050,13
DA:1052,13
DA:1057,13
DA:1058,1
DA:1060,12
DA:1071,12
DA:1072,9
DA:1074,3
DA:1075,3
DA:1078,12
DA:1082,12
DA:1083,8
DA:1095,4
DA:1096,2
DA:1104,2
DA:1107,10
DA:1120,6
DA:1126,6
DA:1127,2
DA:1129,4
DA:1137,4
DA:1139,4
DA:1140,1
DA:1143,4
DA:1145,4
DA:1147,4
DA:1149,18
DA:1158,4
DA:1177,21
DA:1183,21
DA:1184,2
DA:1186,19
DA:1192,19
DA:1194,18
DA:1199,18
DA:1201,17
DA:1204,17
DA:1209,17
DA:1211,16
DA:1214,16
DA:1216,16
DA:1230,16
DA:1231,16
DA:1233,16
DA:1244,16
DA:1246,16
DA:1254,16
DA:1256,16
DA:1257,0
DA:1268,3
DA:1275,3
DA:1277,2
DA:1288,9
DA:1294,9
DA:1295,1
DA:1297,8
DA:1301,8
DA:1302,8
DA:1303,8
DA:1304,8
DA:1306,8
DA:1307,5
DA:1308,5
DA:1309,5
DA:1312,8
DA:1313,5
DA:1314,5
DA:1315,5
DA:1318,8
DA:1320,8
DA:1322,8
DA:1324,8
DA:1325,2
DA:1331,6
DA:1348,17
DA:1354,17
DA:1355,1
DA:1357,16
DA:1362,16
DA:1364,16
DA:1367,16
DA:1372,16
DA:1374,16
DA:1377,16
DA:1386,16
DA:1387,13
DA:1389,3
DA:1390,3
DA:1395,16
DA:1396,13
DA:1398,13
DA:1409,3
DA:1410,3
DA:1419,16
DA:1426,6
LF:376
LH:343
BRDA:42,0,0,4
BRDA:42,0,1,3
BRDA:45,1,0,3
BRDA:45,1,1,1
BRDA:76,2,0,1
BRDA:76,2,1,14
BRDA:156,3,0,2
BRDA:156,3,1,3
BRDA:179,4,0,2
BRDA:179,4,1,6
BRDA:201,5,0,2
BRDA:201,5,1,5
BRDA:219,6,0,2
BRDA:219,6,1,3
BRDA:239,7,0,1
BRDA:239,7,1,3
BRDA:279,8,0,1
BRDA:279,8,1,14
BRDA:289,9,0,2
BRDA:289,9,1,12
BRDA:322,10,0,2
BRDA:322,10,1,4
BRDA:335,11,0,3
BRDA:335,11,1,1
BRDA:370,12,0,1
BRDA:370,12,1,8
BRDA:380,13,0,2
BRDA:380,13,1,6
BRDA:390,14,0,2
BRDA:390,14,1,4
BRDA:394,15,0,1
BRDA:394,15,1,3
BRDA:407,16,0,0
BRDA:407,16,1,3
BRDA:429,17,0,1
BRDA:429,17,1,6
BRDA:438,18,0,1
BRDA:438,18,1,5
BRDA:442,19,0,2
BRDA:442,19,1,3
BRDA:475,20,0,2
BRDA:475,20,1,3
BRDA:497,21,0,3
BRDA:497,21,1,15
BRDA:533,22,0,2
BRDA:533,22,1,2
BRDA:552,23,0,2
BRDA:552,23,1,5
BRDA:561,24,0,2
BRDA:561,24,1,3
BRDA:594,25,0,1
BRDA:594,25,1,4
BRDA:606,26,0,1
BRDA:606,26,1,3
BRDA:619,27,0,19
BRDA:619,27,1,4
BRDA:619,28,0,23
BRDA:619,28,1,23
BRDA:622,29,0,3
BRDA:622,29,1,1
BRDA:622,30,0,4
BRDA:622,30,1,4
BRDA:625,31,0,0
BRDA:625,31,1,1
BRDA:625,32,0,1
BRDA:625,32,1,1
BRDA:628,33,0,0
BRDA:628,33,1,1
BRDA:628,34,0,1
BRDA:628,34,1,1
BRDA:631,35,0,0
BRDA:631,35,1,1
BRDA:631,36,0,1
BRDA:631,36,1,1
BRDA:634,37,0,1
BRDA:634,37,1,0
BRDA:634,38,0,1
BRDA:634,38,1,1
BRDA:637,39,0,0
BRDA:637,39,1,0
BRDA:637,40,0,0
BRDA:637,40,1,0
BRDA:640,41,0,0
BRDA:640,41,1,0
BRDA:669,42,0,1
BRDA:669,42,1,3
BRDA:693,43,0,2
BRDA:693,43,1,18
BRDA:700,44,0,15
BRDA:700,44,1,3
BRDA:700,45,0,18
BRDA:700,45,1,18
BRDA:703,46,0,3
BRDA:703,46,1,0
BRDA:703,47,0,3
BRDA:703,47,1,3
BRDA:706,48,0,0
BRDA:706,48,1,0
BRDA:706,49,0,0
BRDA:706,49,1,0
BRDA:709,50,0,0
BRDA:709,50,1,0
BRDA:709,51,0,0
BRDA:709,51,1,0
BRDA:712,52,0,0
BRDA:712,52,1,0
BRDA:712,53,0,0
BRDA:712,53,1,0
BRDA:715,54,0,0
BRDA:715,54,1,0
BRDA:715,55,0,0
BRDA:715,55,1,0
BRDA:718,56,0,0
BRDA:718,56,1,0
BRDA:718,57,0,0
BRDA:718,57,1,0
BRDA:721,58,0,0
BRDA:721,58,1,0
BRDA:757,59,0,2
BRDA:757,59,1,3
BRDA:768,60,0,0
BRDA:768,60,1,3
BRDA:793,61,0,2
BRDA:793,61,1,9
BRDA:802,62,0,1
BRDA:802,62,1,8
BRDA:837,63,0,1
BRDA:837,63,1,6
BRDA:849,64,0,3
BRDA:849,64,1,3
BRDA:855,65,0,2
BRDA:855,65,1,4
BRDA:866,66,0,0
BRDA:866,66,1,6
BRDA:895,67,0,2
BRDA:895,67,1,18
BRDA:904,68,0,0
BRDA:904,68,1,18
BRDA:914,69,0,2
BRDA:914,69,1,16
BRDA:926,70,0,12
BRDA:926,70,1,4
BRDA:937,71,0,12
BRDA:937,71,1,4
BRDA:950,72,0,3
BRDA:950,72,1,1
BRDA:950,73,0,4
BRDA:950,73,1,4
BRDA:984,74,0,4
BRDA:984,74,1,3
BRDA:990,75,0,3
BRDA:990,75,1,4
BRDA:1001,76,0,0
BRDA:1001,76,1,7
BRDA:1037,77,0,2
BRDA:1037,77,1,13
BRDA:1047,78,0,0
BRDA:1047,78,1,13
BRDA:1057,79,0,1
BRDA:1057,79,1,12
BRDA:1071,80,0,9
BRDA:1071,80,1,3
BRDA:1082,81,0,8
BRDA:1082,81,1,4
BRDA:1082,82,0,12
BRDA:1082,82,1,9
BRDA:1095,83,0,2
BRDA:1095,83,1,2
BRDA:1095,84,0,4
BRDA:1095,84,1,3
BRDA:1126,85,0,2
BRDA:1126,85,1,4
BRDA:1139,86,0,1
BRDA:1139,86,1,3
BRDA:1145,87,0,0
BRDA:1145,87,1,4
BRDA:1183,88,0,2
BRDA:1183,88,1,19
BRDA:1192,89,0,1
BRDA:1192,89,1,18
BRDA:1199,90,0,1
BRDA:1199,90,1,17
BRDA:1209,91,0,1
BRDA:1209,91,1,16
BRDA:1256,92,0,0
BRDA:1256,92,1,16
BRDA:1275,93,0,1
BRDA:1275,93,1,2
BRDA:1294,94,0,1
BRDA:1294,94,1,8
BRDA:1306,95,0,5
BRDA:1306,95,1,3
BRDA:1312,96,0,5
BRDA:1312,96,1,3
BRDA:1324,97,0,2
BRDA:1324,97,1,6
BRDA:1345,98,0,17
BRDA:1354,99,0,1
BRDA:1354,99,1,16
BRDA:1362,100,0,0
BRDA:1362,100,1,16
BRDA:1372,101,0,0
BRDA:1372,101,1,16
BRDA:1386,102,0,13
BRDA:1386,102,1,3
BRDA:1395,103,0,13
BRDA:1395,103,1,3
BRF:207
BRH:164
end_of_record
TN:
SF:models\tests\_testCommon.js
FN:6,commonBeforeAll
FN:109,commonBeforeEach
FN:113,commonAfterEach
FN:117,commonAfterAll
FNF:4
FNH:4
FNDA:1,commonBeforeAll
FNDA:83,commonBeforeEach
FNDA:83,commonAfterEach
FNDA:1,commonAfterAll
DA:1,1
DA:3,1
DA:4,1
DA:7,1
DA:8,1
DA:9,1
DA:11,1
DA:12,1
DA:14,1
DA:15,1
DA:16,1
DA:17,1
DA:18,1
DA:19,1
DA:21,1
DA:27,1
DA:32,1
DA:48,1
DA:54,1
DA:59,1
DA:72,1
DA:79,1
DA:87,1
DA:94,1
DA:100,1
DA:110,83
DA:114,83
DA:118,1
DA:122,1
LF:29
LH:29
BRF:0
BRH:0
end_of_record
TN:
SF:routes\auth.js
FN:21,(anonymous_0)
FN:25,(anonymous_1)
FN:45,(anonymous_2)
FN:49,(anonymous_3)
FNF:4
FNH:4
FNDA:5,(anonymous_0)
FNDA:2,(anonymous_1)
FNDA:3,(anonymous_2)
FNDA:5,(anonymous_3)
DA:5,5
DA:7,5
DA:8,5
DA:9,5
DA:10,5
DA:11,5
DA:12,5
DA:13,5
DA:21,5
DA:22,5
DA:23,5
DA:24,5
DA:25,2
DA:26,2
DA:29,3
DA:30,3
DA:31,1
DA:32,1
DA:34,4
DA:45,5
DA:46,3
DA:47,3
DA:48,3
DA:49,5
DA:50,2
DA:53,1
DA:54,1
DA:55,1
DA:57,2
DA:61,5
LF:30
LH:30
BRDA:24,0,0,2
BRDA:24,0,1,3
BRDA:48,1,0,2
BRDA:48,1,1,1
BRF:4
BRH:4
end_of_record
TN:
SF:routes\leaderboard.js
FN:30,(anonymous_0)
FN:57,(anonymous_1)
FN:62,(anonymous_2)
FNF:3
FNH:3
FNDA:4,(anonymous_0)
FNDA:3,(anonymous_1)
FNDA:3,(anonymous_2)
DA:5,5
DA:6,5
DA:7,5
DA:8,5
DA:13,5
DA:15,5
DA:17,5
DA:28,5
DA:31,4
DA:33,4
DA:35,4
DA:39,4
DA:41,0
DA:54,5
DA:58,3
DA:60,3
DA:61,3
DA:62,3
DA:63,2
DA:66,1
DA:68,1
DA:69,1
DA:71,0
DA:75,2
DA:81,5
LF:25
LH:23
BRDA:61,0,0,2
BRDA:61,0,1,1
BRDA:68,1,0,1
BRDA:68,1,1,0
BRF:4
BRH:3
end_of_record
TN:
SF:routes\quizzes.js
FN:14,(anonymous_0)
FN:28,(anonymous_1)
FNF:2
FNH:2
FNDA:1,(anonymous_0)
FNDA:3,(anonymous_1)
DA:5,5
DA:6,5
DA:8,5
DA:10,5
DA:12,5
DA:14,5
DA:15,1
DA:16,1
DA:24,1
DA:25,0
DA:28,1
DA:29,3
DA:31,3
DA:34,1
DA:36,0
DA:40,5
LF:16
LH:14
BRDA:24,0,0,0
BRDA:24,0,1,1
BRF:2
BRH:1
end_of_record
TN:
SF:routes\users.js
FN:41,(anonymous_0)
FN:45,(anonymous_1)
FN:64,(anonymous_2)
FN:84,(anonymous_3)
FN:107,(anonymous_4)
FN:111,(anonymous_5)
FN:131,(anonymous_6)
FN:153,(anonymous_7)
FN:173,(anonymous_8)
FN:177,(anonymous_9)
FN:200,(anonymous_10)
FN:222,(anonymous_11)
FN:227,(anonymous_12)
FN:254,(anonymous_13)
FN:278,(anonymous_14)
FN:299,(anonymous_15)
FN:304,(anonymous_16)
FN:326,(anonymous_17)
FN:347,(anonymous_18)
FN:352,(anonymous_19)
FN:376,(anonymous_20)
FN:399,(anonymous_21)
FN:419,(anonymous_22)
FN:424,(anonymous_23)
FN:449,(anonymous_24)
FN:469,(anonymous_25)
FN:474,(anonymous_26)
FN:504,(anonymous_27)
FN:531,(anonymous_28)
FN:536,(anonymous_29)
FN:561,(anonymous_30)
FN:582,(anonymous_31)
FN:588,(anonymous_32)
FN:614,(anonymous_33)
FN:636,(anonymous_34)
FN:663,(anonymous_35)
FN:668,(anonymous_36)
FNF:37
FNH:36
FNDA:4,(anonymous_0)
FNDA:7,(anonymous_1)
FNDA:2,(anonymous_2)
FNDA:3,(anonymous_3)
FNDA:5,(anonymous_4)
FNDA:1,(anonymous_5)
FNDA:3,(anonymous_6)
FNDA:3,(anonymous_7)
FNDA:6,(anonymous_8)
FNDA:2,(anonymous_9)
FNDA:3,(anonymous_10)
FNDA:7,(anonymous_11)
FNDA:2,(anonymous_12)
FNDA:4,(anonymous_13)
FNDA:3,(anonymous_14)
FNDA:5,(anonymous_15)
FNDA:2,(anonymous_16)
FNDA:2,(anonymous_17)
FNDA:4,(anonymous_18)
FNDA:0,(anonymous_19)
FNDA:3,(anonymous_20)
FNDA:3,(anonymous_21)
FNDA:4,(anonymous_22)
FNDA:2,(anonymous_23)
FNDA:3,(anonymous_24)
FNDA:5,(anonymous_25)
FNDA:2,(anonymous_26)
FNDA:4,(anonymous_27)
FNDA:5,(anonymous_28)
FNDA:4,(anonymous_29)
FNDA:3,(anonymous_30)
FNDA:5,(anonymous_31)
FNDA:2,(anonymous_32)
FNDA:2,(anonymous_33)
FNDA:4,(anonymous_34)
FNDA:5,(anonymous_35)
FNDA:2,(anonymous_36)
DA:5,5
DA:6,5
DA:8,5
DA:9,5
DA:10,5
DA:11,5
DA:12,5
DA:14,5
DA:15,5
DA:16,5
DA:17,5
DA:19,5
DA:20,5
DA:21,5
DA:22,5
DA:23,5
DA:24,5
DA:25,5
DA:27,5
DA:41,5
DA:42,4
DA:43,4
DA:44,4
DA:45,7
DA:46,2
DA:49,2
DA:50,2
DA:51,2
DA:53,2
DA:64,5
DA:65,2
DA:66,2
DA:67,1
DA:69,1
DA:81,5
DA:85,3
DA:86,3
DA:87,2
DA:89,1
DA:104,5
DA:108,5
DA:109,5
DA:110,5
DA:111,1
DA:112,1
DA:115,4
DA:116,3
DA:118,2
DA:128,5
DA:132,3
DA:133,3
DA:134,2
DA:136,1
DA:150,5
DA:154,3
DA:155,3
DA:156,2
DA:158,1
DA:170,5
DA:174,6
DA:175,6
DA:176,6
DA:177,2
DA:178,2
DA:181,4
DA:182,2
DA:184,4
DA:197,5
DA:201,3
DA:202,3
DA:204,2
DA:206,1
DA:219,5
DA:223,7
DA:225,7
DA:226,7
DA:227,2
DA:228,2
DA:232,5
DA:237,2
DA:239,5
DA:251,5
DA:255,4
DA:256,4
DA:259,2
DA:261,2
DA:275,5
DA:279,3
DA:280,3
DA:281,2
DA:283,1
DA:296,5
DA:300,5
DA:302,5
DA:303,5
DA:304,2
DA:305,2
DA:308,3
DA:309,2
DA:311,3
DA:323,5
DA:327,2
DA:328,2
DA:329,1
DA:331,1
DA:344,5
DA:348,4
DA:350,4
DA:351,4
DA:352,0
DA:353,0
DA:356,4
DA:360,2
DA:362,2
DA:373,5
DA:378,3
DA:379,3
DA:380,2
DA:382,1
DA:396,5
DA:400,3
DA:401,3
DA:402,2
DA:404,1
DA:416,5
DA:421,4
DA:422,4
DA:423,4
DA:424,2
DA:425,2
DA:428,2
DA:432,1
DA:434,3
DA:446,5
DA:450,3
DA:451,3
DA:452,2
DA:454,1
DA:466,5
DA:470,5
DA:472,5
DA:473,5
DA:474,2
DA:475,2
DA:478,3
DA:479,2
DA:480,2
DA:482,0
DA:486,3
DA:501,5
DA:505,4
DA:506,4
DA:508,4
DA:513,3
DA:515,1
DA:528,5
DA:532,5
DA:534,5
DA:535,5
DA:536,4
DA:537,2
DA:540,3
DA:541,2
DA:543,3
DA:558,5
DA:562,3
DA:563,3
DA:564,2
DA:566,1
DA:579,5
DA:584,5
DA:586,5
DA:587,5
DA:588,2
DA:589,1
DA:592,4
DA:593,4
DA:595,3
DA:596,2
DA:598,3
DA:611,5
DA:615,2
DA:616,2
DA:617,1
DA:619,1
DA:633,5
DA:637,4
DA:638,4
DA:640,4
DA:645,3
DA:647,1
DA:660,5
DA:664,5
DA:666,5
DA:667,5
DA:668,2
DA:669,2
DA:672,3
DA:673,2
DA:675,3
DA:681,5
LF:201
LH:198
BRDA:44,0,0,2
BRDA:44,0,1,2
BRDA:110,1,0,1
BRDA:110,1,1,4
BRDA:176,2,0,2
BRDA:176,2,1,4
BRDA:226,3,0,2
BRDA:226,3,1,5
BRDA:303,4,0,2
BRDA:303,4,1,3
BRDA:351,5,0,0
BRDA:351,5,1,4
BRDA:423,6,0,2
BRDA:423,6,1,2
BRDA:473,7,0,2
BRDA:473,7,1,3
BRDA:479,8,0,2
BRDA:479,8,1,0
BRDA:535,9,0,2
BRDA:535,9,1,3
BRDA:587,10,0,1
BRDA:587,10,1,4
BRDA:593,11,0,1
BRDA:593,11,1,3
BRDA:667,12,0,2
BRDA:667,12,1,3
BRF:26
BRH:24
end_of_record
TN:
SF:routes\tests\_testCommonRoutes.js
FN:7,commonBeforeAll
FN:166,commonBeforeEach
FN:170,commonAfterEach
FN:174,commonAfterAll
FNF:4
FNH:4
FNDA:4,commonBeforeAll
FNDA:169,commonBeforeEach
FNDA:169,commonAfterEach
FNDA:4,commonAfterAll
DA:3,4
DA:4,4
DA:5,4
DA:8,4
DA:9,4
DA:10,4
DA:12,4
DA:13,4
DA:15,4
DA:16,4
DA:17,4
DA:18,4
DA:19,4
DA:20,4
DA:22,4
DA:28,4
DA:33,4
DA:41,4
DA:50,4
DA:59,4
DA:68,4
DA:77,4
DA:79,4
DA:80,4
DA:82,4
DA:89,4
DA:96,4
DA:103,4
DA:111,4
DA:119,4
DA:127,4
DA:135,4
DA:144,4
DA:150,4
DA:156,4
DA:167,169
DA:171,169
DA:175,4
DA:178,4
DA:179,4
DA:181,4
LF:41
LH:41
BRF:0
BRH:0
end_of_record
